PHP Warning:  PHP Startup: Unable to load dynamic library 'pdo_pgsql' (tried: /www/server/php/83/lib/php/extensions/no-debug-non-zts-20230831/pdo_pgsql (/www/server/php/83/lib/php/extensions/no-debug-non-zts-20230831/pdo_pgsql: cannot open shared object file: No such file or directory), /www/server/php/83/lib/php/extensions/no-debug-non-zts-20230831/pdo_pgsql.so (/www/server/php/83/lib/php/extensions/no-debug-non-zts-20230831/pdo_pgsql.so: cannot open shared object file: No such file or directory)) in Unknown on line 0
PHP Warning:  PHP Startup: Unable to load dynamic library 'pgsql' (tried: /www/server/php/83/lib/php/extensions/no-debug-non-zts-20230831/pgsql (/www/server/php/83/lib/php/extensions/no-debug-non-zts-20230831/pgsql: cannot open shared object file: No such file or directory), /www/server/php/83/lib/php/extensions/no-debug-non-zts-20230831/pgsql.so (/www/server/php/83/lib/php/extensions/no-debug-non-zts-20230831/pgsql.so: cannot open shared object file: No such file or directory)) in Unknown on line 0

Job 9d08371e-f491-4238-846b-a3ef3d4b75de done.
Job 3d8fe040-d3cf-4f96-a907-26f516b669b6 done.
Job 49da71cc-06fb-485d-a6e5-285feb24f1e1 done.
Job 75883a8c-ad53-4846-b074-0217ab148997 done.
Job 2cd36a0a-fc0d-494a-8521-723c88a6a77a done.
Job 8875997e-68f7-4fbd-935e-ac90bd5421e0 done.
Job 65223104-0ed4-4b38-afee-37714b260f60 done.
Job b6693670-6370-4ea8-8286-bcd71c8e852b done.
Job f2e7bef3-bdcd-46d0-a7a1-e79b4cefb194 done.
Job ae52db86-a413-448d-aba2-d1ddcbd2ee42 done.
Job 931c8efc-3c70-448f-b605-33dd7e7ac2a6 done.
Job d941fdf2-a745-4aad-b8d5-cde1fddf2f50 done.
Job 78fb913d-9400-4aca-a947-454d71c24e46 done.
Job 97b6412e-16ae-48f1-ac5f-b7e32ed3e857 done.
Job 98e120ef-6396-4e61-8250-0fc2bb502d02 done.
Job 31f28d9f-424f-477a-a480-cf6ed5cfe55a done.
Job 22f2ad37-08db-4905-8fa4-782dc12d8f5c done.
Job 1de126b6-25bd-4704-9a81-a15c3b3c2b30 done.
Job e0e72f42-f187-45db-9e7a-09c68da82a2f done.
Job 782e8595-4587-4fff-b9b1-7c34ef907b80 done.
Job e8db4765-d8d9-4d6b-a4b8-fa179ddbddc4 done.
Job 050b11cd-333b-4c7e-9395-3473c0be4df8 done.
Job b6f10abc-eafe-49f7-973a-02a4e305d800 done.
Job 903c758c-002a-4d8c-9f6c-15ef351d68ad done.
Job aa7ca896-16b1-4ae5-b452-94e48e3e9a44 done.
Job 98bec9e5-9118-4251-af7c-55f733b4ba5f done.
Job de8723fe-5850-4f49-9ac8-c737334bd60c done.
Job 17388850-71e2-4865-b93c-edc9a13109d2 done.
Job c23bc6e8-566c-4f66-a0d4-07d9003535aa done.
Job de34f82e-43bd-4573-aed3-68ee996fb292 done.
Job 15328ae7-7973-43fd-b009-c6645e1d083d done.
Job 02b153dd-4a79-4137-9517-3eaeab562031 done.
Job 4722681a-a805-4610-b86b-9ceaa69f5e3d done.
Job 34ca3761-dc8d-4cae-9274-0bac42448b93 done.
Job fd190ac7-65e7-45c2-9830-34069559a7be done.
Job dc0a3b4c-a52e-4c34-af30-1ad1e06c6c63 done.
Job 74606284-e643-4eb5-86aa-7d9423dbda2a done.
Job a2739888-b26a-43b6-adcb-cfce00c9126e done.
Job 84c881b6-60ae-4e61-8315-71fca98e23ee done.
Job cfd7725f-5065-4aac-9cb0-c9315cd6019b done.
Job 9db7a493-2963-429d-94e6-2145301c83b6 done.
Job f8f87e2c-851c-4cdd-8f2f-63a902ca345b done.
Job e9876a57-64a4-440a-b4ba-fd11cdaf9601 done.
Job 84d9c32b-451b-4419-83c5-f56f339eedb0 done.
Job 9fbd3cfc-26ee-4daa-bff2-e1b62fabcdfe done.
Job 82175996-4390-465e-935c-c13ec21f5ba4 done.
Job 9e446e52-b289-4df9-9e33-63646809dd39 done.
Job ed55d120-2ae4-4bbd-aa17-4317fc23dee0 done.
Job ce85d3a8-b477-460b-8266-995e064e24b7 done.
Job a8bf5029-3b29-47d1-bec1-51c5eecd5e21 done.
Job 858f1e9f-a08c-4e6e-9ca8-e8112179fde4 done.
Job edf97299-7d51-4d61-9c66-a6b3230fb2da done.
Job dce4e79f-95b7-49d6-acaf-d94ca3788d91 done.
Job 6c405334-1e8b-48d6-94c7-c22c17cccb0f done.
Job 1d53b56d-ed9c-46a6-bd25-71c004fe7f68 done.
Job 84e33ac5-2c60-4a30-af33-2de4f4a72ec6 done.
Job e74982b7-180f-4f9b-9fa4-1c7af7326831 done.
Job 471bc729-e29a-4eda-8f8f-4e93b811421d done.
Job b505309c-559c-4412-a5f8-40bc1eb54fcc done.
Job 3026128d-815a-4192-a29b-cfd390959053 done.
Job 611361c8-99e3-40fb-a96f-5fb8c21dc95c done.
Job 9fb81886-f95a-493b-8345-bb458095d6ab done.
Job 163c5869-760a-44d5-baec-9795e80f88e3 done.
Job 68d584d7-e6c3-4162-9765-e1d23be0d484 done.
Job f4fa7376-2d5c-43d5-b786-b4d8b89dcc9f done.PHP Warning:  PHP Startup: Unable to load dynamic library 'pdo_pgsql' (tried: /www/server/php/83/lib/php/extensions/no-debug-non-zts-20230831/pdo_pgsql (/www/server/php/83/lib/php/extensions/no-debug-non-zts-20230831/pdo_pgsql: cannot open shared object file: No such file or directory), /www/server/php/83/lib/php/extensions/no-debug-non-zts-20230831/pdo_pgsql.so (/www/server/php/83/lib/php/extensions/no-debug-non-zts-20230831/pdo_pgsql.so: cannot open shared object file: No such file or directory)) in Unknown on line 0
PHP Warning:  PHP Startup: Unable to load dynamic library 'pgsql' (tried: /www/server/php/83/lib/php/extensions/no-debug-non-zts-20230831/pgsql (/www/server/php/83/lib/php/extensions/no-debug-non-zts-20230831/pgsql: cannot open shared object file: No such file or directory), /www/server/php/83/lib/php/extensions/no-debug-non-zts-20230831/pgsql.so (/www/server/php/83/lib/php/extensions/no-debug-non-zts-20230831/pgsql.so: cannot open shared object file: No such file or directory)) in Unknown on line 0

Job bad16b15-466d-47eb-967e-c15e3e4153e9 done.
Job ed8cccf2-296d-4035-80fa-8147edc53c0d done.
Job 24aee5cd-b6d8-41a3-9f07-7012603c6944 done.
Job bad16b15-466d-47eb-967e-c15e3e4153e9 done.
Job 0715147d-5d55-4674-a36e-fbbc8ef23b88 done.
Job 24aee5cd-b6d8-41a3-9f07-7012603c6944 done.
Job 7e5b6d95-a114-4b56-8fd2-2b85185e5928 done.
Job 0715147d-5d55-4674-a36e-fbbc8ef23b88 done.
Job 22d2e8b7-3a4d-477b-bef7-ce484ccff978 done.
Job 7e5b6d95-a114-4b56-8fd2-2b85185e5928 done.
Job 8495980c-768d-401c-aca9-04ac1182621c done.
Job 22d2e8b7-3a4d-477b-bef7-ce484ccff978 done.
Job e8c27568-5936-45fa-943c-952f293620cc done.
Job 8495980c-768d-401c-aca9-04ac1182621c done.
Job b41c9888-7203-41dd-aaa2-0fa1ef7c6da4 done.
Job e8c27568-5936-45fa-943c-952f293620cc done.
Job 63cb8a71-27e1-466d-a775-7eaf4510f6fe done.
Job b41c9888-7203-41dd-aaa2-0fa1ef7c6da4 done.
Job 63cb8a71-27e1-466d-a775-7eaf4510f6fe done.
Job 1bfed68a-3c59-465b-a337-4f79c94d13af done.
Job 417d9311-100c-47bf-8ee7-144ecd6d93d0 done.
Job a9401f56-6546-4098-902e-5aa91f503b33 done.
Job 417d9311-100c-47bf-8ee7-144ecd6d93d0 done.
Job a9401f56-6546-4098-902e-5aa91f503b33 done.
Job f544ef65-a658-42d1-847f-efd6e416ca0c done.
Job 7c49e2e8-5825-4d8c-aca1-94d14c6eaa45 done.
Job f5d8f151-db5a-48dd-aec3-be6783c0eee8 done.
Job e87af066-5716-4b45-a2b1-4114ebcdd6b0 done.
Job c93fbad7-a909-4da2-9eae-fa6fe578e01c done.
Job 7b3d2900-3d1c-436c-9159-4f9e046c33d8 done.
Job db5f8035-d673-426d-9098-e777106d27e7 done.
Job b49bc993-d4f8-4089-acea-f78459b5816f done.PHP Warning:  PHP Startup: Unable to load dynamic library 'pdo_pgsql' (tried: /www/server/php/83/lib/php/extensions/no-debug-non-zts-20230831/pdo_pgsql (/www/server/php/83/lib/php/extensions/no-debug-non-zts-20230831/pdo_pgsql: cannot open shared object file: No such file or directory), /www/server/php/83/lib/php/extensions/no-debug-non-zts-20230831/pdo_pgsql.so (/www/server/php/83/lib/php/extensions/no-debug-non-zts-20230831/pdo_pgsql.so: cannot open shared object file: No such file or directory)) in Unknown on line 0
PHP Warning:  PHP Startup: Unable to load dynamic library 'pgsql' (tried: /www/server/php/83/lib/php/extensions/no-debug-non-zts-20230831/pgsql (/www/server/php/83/lib/php/extensions/no-debug-non-zts-20230831/pgsql: cannot open shared object file: No such file or directory), /www/server/php/83/lib/php/extensions/no-debug-non-zts-20230831/pgsql.so (/www/server/php/83/lib/php/extensions/no-debug-non-zts-20230831/pgsql.so: cannot open shared object file: No such file or directory)) in Unknown on line 0

Job 146e6fb3-14f6-4d33-9d48-09a9c2cee073 done.
Job 3b787251-cd19-497a-bda5-89b746d70e9c done.
Job 00ca2f46-f6d7-498d-a708-9bac955a0176 done.
Job d788b5cc-03a6-4e65-bef9-d2b8ead0f3e4 done.
Job afe01151-4810-4418-9870-f9e767c0203a done.
Job c5df49ac-f161-4a3b-937b-7f4e0797dc68 done.
Job 1f0ccea3-72ec-4c6f-8755-f324f14fd53b done.
Job 4c247f42-b1a1-4d52-9126-8458505ca5dc done.
Job 43f4266a-5c1e-49d3-8be2-43e29da87eed done.
Job a7b49995-672b-402a-b3d4-ed346cee3e60 done.
Job 619ae5dd-9ca7-47d2-aa23-4a88eb6d2791 done.
Job 6b12b334-1169-47ee-8e52-32a9054a7105 done.
Job f113ccfb-c419-4a0c-a6d7-d253eb535df8 done.
Job d20e2661-ad83-4772-8fc3-9ed5b5fc4867 done.
Job c9935fab-a33e-41f4-9819-c43e4c8cd976 done.
Job 3c2e5485-2651-457a-8fa3-4b01750dbfc7 done.
Job 8dbd12d5-447b-4dcd-8a6f-334d84c8350b done.
Job c0bff495-dabf-4450-b449-0fa2c96bbe3d done.
Job 6eb6a9d0-b725-4f0a-b1dc-e53d77b8f744 done.
Job df90f060-e011-4f59-8045-ead71545378d done.
Job 8ce3229b-f93e-4147-9df1-da4da99438a2 done.
Job b3bc4bc8-c3b2-4d05-896d-c8643f60044d done.
Job 1c657e07-9a38-4e3c-8745-5abf164f1a4a done.
Job f713a246-6f0a-478d-8995-4d4e46853ada done.
Job 81f665bd-166d-4d3a-9b73-675e9ecc0f89 done.
Job 7c971a4d-d69d-4aff-9ce3-4311ca5516e3 done.
Job cc4cd9af-e316-4ac3-89a2-7fc2426ff214 done.
Job 7864e0e8-a200-4e86-874a-216d2f2ddcc9 done.
Job 1ce4e0cb-7054-4907-ad31-865ab0eab23d done.
Job 62d7d26d-6951-42db-9f03-35dda02faaed done.
Job bacf728d-e4a4-4ffa-a22f-2397142c50a0 done.
Job 6ff22701-ebeb-43c5-acc8-4ea3e04edbcd done.
Job 278032ec-5708-41b6-a359-dc46faeb220a done.
Job cedf4676-aaf0-4d8d-babf-76c3e0ecbea7 done.
Job 59c2e006-41b4-42ac-87d6-1895fee900d0 done.
Job 7cc24b04-e973-4c39-adee-d7d73310485c done.
Job 56f9d924-1ae8-4150-a6e8-5d7284d827f2 done.
Job 40e269bb-8765-4078-8213-bf7d02ae2422 done.
Job 50e6ad08-45a8-4246-8293-0d001a2a3efd done.
Job 5a1746b1-f62d-4656-a5e1-d1b77fb39ef6 done.
Job 1d7ef309-4910-472b-a6ab-702941a3e00b done.
Job 87f30ebb-2c84-456f-8989-7a472be28005 done.
Job 0941ea9d-8d95-40de-93f3-8f2cdbb37f2f done.
Job 76205d77-6da0-498d-9767-fc1b30002c4b done.
Job 194dd69c-a1c9-45e6-8c7f-f32f9d3ed709 done.
Job a1498403-1f34-4ec5-9f05-00c94608ea9d done.
Job ff22aa63-16f8-418d-a113-0f4a1afc55e4 done.
Job a9cd0233-c2e1-4657-97b4-1c66d642b8d6 done.
Job d81f929d-61ea-4542-9498-f9991c8e4b08 done.
Job 318cb120-6ce2-4525-a7d1-26879a3fc82d done.
Job 0de4fd8b-c731-4c19-9497-921c42af9540 done.
Job 63dced56-08ac-487d-bd14-ebeeff43481f done.
Job ef872821-4db2-4228-98cd-cd53fb1f9522 done.
Job 29a56064-1a72-4ee2-b5e0-222ceadb4a74 done.
Job fd4550ce-7129-4779-b79f-53dd5fa97cd0 done.
Job 5f5ffaee-881c-4fbb-ade5-bfea1c61c270 done.
Job 6d9a09d7-722b-474f-a4e0-341c822934e2 done.
Job 3103d8f2-7d39-4a3f-9e97-c7557c9ec49c done.
Job 9cf0b026-1c99-4434-badd-9a8581a8461e done.
Job 73bb89f9-90f5-49c3-98d9-eb762687ee82 done.
Job 93544363-4131-466e-98da-afa13b1d8668 done.
Job 9a2a4689-260f-466b-b7ab-b2acf27bf167 done.
Job e907d2a7-a306-4ae7-a8f8-24396619f604 done.
Job 0f239d43-950a-4f5e-8230-cf5a8562b432 done.
Job 7cf68171-b433-4135-94e8-797231c9ca57 done.
Job 41a32581-2f30-4a8a-9920-71bf47059bd3 done.
Job b7dc1d80-8def-49fa-bafe-750c8f28cae9 done.
Job ae22be79-6f02-4227-b42d-368159851f88 done.
Job a8218709-6b10-404e-9ad1-a09e2539f626 done.
Job af9e99d6-58b5-409b-933b-912d0d80ae39 done.
Job c68dede4-3b51-4dd4-90cd-13838571cb22 done.
Job 9f55d1a1-9e45-40db-a288-f9bc7d760651 done.
Job 4e573e23-83a4-4e36-abf2-58a3ae9e1676 done.
Job c6b93dcf-87a1-4929-b0a3-b4a38a39609a done.
Job c086ba77-ca31-43e2-b71d-b8a62e863dda done.
Job 6033db57-8b28-4754-8477-b735950543a0 done.
Job d4764561-a7e8-42eb-a1a4-993b8f6efc18 done.
Job 57d1601c-8743-41b9-930b-24d130a30445 done.
Job a2943791-0425-4c98-98f3-1c16aec8e33c done.
Job 8663b862-72e0-402b-854f-050dd4648a26 done.
Job 41d8e724-cc01-4c2f-8c4c-95ae3f927e02 done.
Job 6cbf90c6-1c53-49cf-89b1-9f7c8cd5c79f done.
Job f61e53ab-de41-4667-a6c7-7f0648a167ff done.
Job 88077003-81cc-4289-ae47-a42cf7dc1196 done.
Job 74b3f182-d5d4-4a8c-8ec7-167cea6b010f done.
Job 7ea5c2ca-a36c-42a4-819d-5f338bedcac7 done.
Job cf7688a5-26d4-40ac-a60d-dc6af0a3f01f done.
Job d10067fa-ec25-4e41-a422-70e5ecdad490 done.
Job 1103a577-0a50-425a-8083-8a8b4cb619c0 done.
Job a173d076-140a-4b77-ba15-1a6ba61923f4 done.
Job 7ad4c6dc-9f8d-4a0a-be89-c6ce8774f256 done.
Job 73e37595-d065-47be-9cf9-dd108d0d6f9e done.
Job a2075f4c-ac30-49e7-af63-74c8cf32bec8 done.
Job fe1a71ec-fff6-428d-ae81-884ab88c8a94 done.
Job 4a2ff180-49f3-43ef-8257-2ab075b38bc5 done.
Job e354c7b9-adc2-4901-b463-f005a619e899 done.
Job da3a1b01-f625-4311-a7b6-5e5b835b0f72 done.
Job edd9e0f7-bed5-41f0-92c3-5b243a5ff37c done.
Job 2aa00575-ef98-4c2c-ac60-6ffdd383bc86 done.
Job 563b4348-1941-4003-ae8a-6b82437dbe0f done.
Job 3f3d7286-7dd5-4ed9-81cd-250b9a8d4a4b done.
Job 23303bc4-dbca-4e07-b61d-f6de995f4982 done.
Job b0696c38-9cb0-4baf-b9d3-b991478b3d60 done.
Job f852468f-cb3e-46f7-ae03-9e80a6b35fd3 done.
Job c4212063-faf0-441e-95a5-d97cd56250f9 done.
Job 3503c38c-0ead-4d2c-ac48-ec0d1b796580 done.
Job 11577cfb-2db9-4952-8007-fcca0913e036 done.
Job 9796a65d-92ce-4f83-ad03-d1a6db5cff66 done.
Job eeb60632-dfbe-42e0-b1eb-89a2775e6a99 done.
Job 7eff1d50-44ee-4996-a2e9-c4efc81028f1 done.
Job f53b4f3e-3d76-4d64-987a-a537f47e32fa done.
Job fbd935c7-9b9b-43cf-9792-b4290eed2b92 done.
Job 7eced0a3-e6bd-4202-ab18-05de36d0696f done.
Job 8bc7d3df-c1af-4083-a496-02400d76072e done.
Job 22fe2b0d-3626-4eaa-94fc-d50a3e1f9be4 done.
Job b90f2302-3209-47ab-b3ab-cc1bd5d20158 done.
Job ede0da83-491d-4ef7-8e00-cf8dae265bca done.
Job c66a164d-e1fb-4f3f-8378-4a51db5ba683 done.
Job b6b59d8a-1fd0-425b-8733-dd33b7c100eb done.
Job 42e365e1-31b4-44f6-941f-4aad2437c5db done.
Job 96465f7f-66b1-4396-b749-343301b3ff3d done.
Job 9b0accff-d90c-4543-ad94-f42b30aebea0 done.
Job 12f08e7d-3583-4a5a-9b3c-7d4c11c84ee1 done.
Job fcf1d881-ec4d-45a4-bd6b-5d6168720521 done.
Job 906bfeb3-306c-4731-860d-20afc1ecc31a done.
Job bceda2e0-6991-44ce-9a05-eb4ae36bab68 done.
Job 82bd2df8-cb21-4b4d-805b-f2d635beec2b done.
Job 9c08513a-ef87-46cc-aa72-655f7509a2f4 done.
Job 42e55d6a-8fc2-4827-9ffe-9c931871ae67 done.
Job 78cdeff6-037a-48c0-973f-02fd4a92829c done.
Job 27fe781a-eb53-4df5-8ce6-a6d1a694a991 done.
Job 334e7ea3-dd99-46b2-8f80-a0ec211899aa done.
Job 4144629c-b58a-43ca-ad50-e5ba59393c73 done.
Job 18a8db78-70d1-4a6f-b682-d96b3dec6758 done.
Job e3533c44-f23b-4e63-a70e-c49e5a3c0391 done.
Job 54286248-8d56-43dd-b7f6-6d5fefc32c85 done.
Job b346ff73-c486-4c0f-b63e-78e6e71ae058 done.
Job c46f8f27-c206-48ab-b5ae-084ba4cf4a27 done.
Job ef2ad639-936c-4f2c-a64e-8b61ca53e4c5 done.
Job 7cdffc35-3701-489a-bcb2-4d9edb30444c done.
Job c7dc3b8f-74be-431f-ab40-8f5aa717d5a2 done.
Job df4a84e7-7be8-49b7-b748-16d6c4b11a9c done.
Job 68ebc6d7-135a-4ccb-9875-f7110dcbd3eb done.
Job 8f0109f1-e778-4e08-bd13-c4480fe4f099 done.
Job 2b2f0129-948a-470d-b0b9-795fba495af2 done.
Job 85cbd515-de92-412b-932d-03bdbded9ee5 done.
Job 3d12b893-6906-4620-b5b2-e0954c93a7f2 done.
Job 57ba09af-e661-4684-94f0-096ebd287ed8 done.
Job 58e11b97-e6ca-4cf2-8063-44025809f1e0 done.
Job d50f80a0-1c15-43ec-93c6-5ba7e705328a done.
Job 313debff-bf2f-4773-81ed-090c61abf9ba done.
Job a6065160-ea50-4075-9288-a1eeecb00ff2 done.
Job 34e9ea72-7a41-45ae-9be6-8c5540187c1c done.
Job 2c9a94b0-e084-43e7-b6e3-33abb66b5207 done.
Job 3e793eb0-88ed-49c7-a0db-a1e1ad77c6bc done.
Job 1dab52b5-f759-4202-a2bb-817ab48f3c37 done.
Job 9bd24b20-835f-4f4a-ab34-5db55a7d97df done.
Job e29ba5e4-2d3b-4ef8-bf3c-dd4f500e9d45 done.
Job 3b0e8940-f356-4022-9fc3-fdcb885e39c1 done.
Job 53f233a4-3cd9-4a0c-a90b-c09feebe1713 done.
Job 4d6214e9-7a58-4157-bb5b-85563f929d05 done.
Job be2edb5b-0f4e-4912-8702-17549a658656 done.
Job 00616e0e-6fdd-42b1-8e8a-47b4f7239119 done.
Job 74c7517b-30af-4ed7-ab68-040bb5f52a36 done.
Job b1b4192c-0139-4ffb-bc2e-e018eb937ff3 done.
Job 86f57dea-db82-4fe6-b953-e0f91b15f2e5 done.
Job 4924532a-2051-4081-aa2b-5a70c66603e4 done.
Job 6814496c-c1fd-496c-86bd-467d45ff12f8 done.
Job c5892e45-1de9-4237-919d-50f3594f7e3a done.PHP Warning:  PHP Startup: Unable to load dynamic library 'pdo_pgsql' (tried: /www/server/php/83/lib/php/extensions/no-debug-non-zts-20230831/pdo_pgsql (/www/server/php/83/lib/php/extensions/no-debug-non-zts-20230831/pdo_pgsql: cannot open shared object file: No such file or directory), /www/server/php/83/lib/php/extensions/no-debug-non-zts-20230831/pdo_pgsql.so (/www/server/php/83/lib/php/extensions/no-debug-non-zts-20230831/pdo_pgsql.so: cannot open shared object file: No such file or directory)) in Unknown on line 0
PHP Warning:  PHP Startup: Unable to load dynamic library 'pgsql' (tried: /www/server/php/83/lib/php/extensions/no-debug-non-zts-20230831/pgsql (/www/server/php/83/lib/php/extensions/no-debug-non-zts-20230831/pgsql: cannot open shared object file: No such file or directory), /www/server/php/83/lib/php/extensions/no-debug-non-zts-20230831/pgsql.so (/www/server/php/83/lib/php/extensions/no-debug-non-zts-20230831/pgsql.so: cannot open shared object file: No such file or directory)) in Unknown on line 0

Job 202059fd-a605-470b-920d-6f48bcfe5d8f done.
Job 7e8eeb6e-7bb3-49e7-85ea-ab2340bb35f8 done.
Job f473f73f-6281-4b0e-925f-8344386a77e6 done.
Job cadd722f-291b-43f9-864a-3ba5b33c80e6 done.
Job b54806b3-2ccc-4c6b-9511-6204d4d94170 done.
Job 05421855-90d0-4db5-b283-0fcd55329e5b done.
Job 6d74ab3b-0b02-4173-935a-b3c9292ac61b done.
Job 1c434d93-bc19-4aac-958e-62c78a8cdc17 done.
Job 08589c08-b4a6-4b82-90f2-164347db1071 done.
Job 061ff14f-f5c0-4f23-9f8f-9867af3191e3 done.
Job 1fa56e1a-bf53-4d77-bb91-a28ca3e049d3 done.
Job 2a6b5c4c-0ea7-4e6e-975d-e913c744d890 done.
Job 6a022164-2652-46a8-81c3-5cba01e03015 done.
Job 859e3d0a-1fe2-4b37-9aba-d6944b49a5fe done.
Job fa64f0b5-5c2c-4364-9066-883ee364c644 done.
Job e59ba40a-a6da-40e3-92ef-f965941d326c done.
Job a52d0064-e801-4ef2-8037-823871c00803 done.
Job 5e6106f2-9cc9-4d4c-99cc-7ad6691491bf done.
Job 477fe297-1477-4fca-ab4b-cbe1dff796a0 done.
Job dafb27c1-640e-4b92-98f7-24e97baf856a done.
Job 65d6e994-7861-4d50-875d-7c23c965af8e done.
Job c5cc322d-9edb-42e3-8c86-4b7526341110 done.
Job fc47dac3-4667-40e6-9fb1-d2863ce2929c done.
Job c415231e-294e-4a54-af55-c5f204d1c8c4 done.
Job 338d5e50-d6a6-425f-b57b-c9416d89d9db done.
Job 8dd4df3e-0b6b-4774-836d-694af8c37e77 done.
Job 2cac5ad0-8bdd-44e4-bd4e-9baa72edb9dc done.
Job 15612559-c85d-4a7c-b7b4-9d845f2ef281 done.
Job 13cc518c-b631-4362-b076-779a9dc8efec done.
Job 4fcec70f-d4b6-4e8f-8439-4a8014773d52 done.
Job f9bdfe2d-8d90-4f14-85a7-f7da67f4d1bd done.
Job de3e2f12-36c3-4423-b02b-05a3da69945f done.
Job 065c2134-9a30-4d50-a89a-9f27da094efd done.
Job dd133acb-3c43-4167-a303-ba36454b71a9 done.
Job 8adef31a-eb7f-43e9-96d1-2e5c68c8b5c1 done.
Job 5ba6a817-6cfe-45da-92bb-9fe1c72f3f06 done.
Job 9e64cd6a-25f6-4019-98b4-1cbdc7a14d96 done.PHP Warning:  PHP Startup: Unable to load dynamic library 'pdo_pgsql' (tried: /www/server/php/83/lib/php/extensions/no-debug-non-zts-20230831/pdo_pgsql (/www/server/php/83/lib/php/extensions/no-debug-non-zts-20230831/pdo_pgsql: cannot open shared object file: No such file or directory), /www/server/php/83/lib/php/extensions/no-debug-non-zts-20230831/pdo_pgsql.so (/www/server/php/83/lib/php/extensions/no-debug-non-zts-20230831/pdo_pgsql.so: cannot open shared object file: No such file or directory)) in Unknown on line 0
PHP Warning:  PHP Startup: Unable to load dynamic library 'pgsql' (tried: /www/server/php/83/lib/php/extensions/no-debug-non-zts-20230831/pgsql (/www/server/php/83/lib/php/extensions/no-debug-non-zts-20230831/pgsql: cannot open shared object file: No such file or directory), /www/server/php/83/lib/php/extensions/no-debug-non-zts-20230831/pgsql.so (/www/server/php/83/lib/php/extensions/no-debug-non-zts-20230831/pgsql.so: cannot open shared object file: No such file or directory)) in Unknown on line 0

Job 4c9a3788-25a8-44b0-bad8-26c1b92ffc04 done.
Job fec90a19-2aa5-4a79-9965-99440046b8e9 done.
Job 3e01f012-f562-4655-9824-91843950d618 done.
Job 16b8ed11-467c-46fe-a029-f7927aceeac7 done.
Job 5c651507-5ecb-4e78-a623-322471da2431 done.
Job 0a80f1aa-0467-4d7d-957b-eda0c53349fa done.
Job e12c98ec-254e-4b57-b3de-761338684495 done.
Job c303d18d-969c-4f9b-b89f-540bba517944 done.
Job 0685304e-ba91-4caa-ad6f-08d66a007a3d done.
Job cf59d553-54c7-4a08-b9dd-a15fec202b2e done.
Job a33b5895-51ef-4be7-a9e5-6a20fdb310ab done.
Job cf07b99b-b4ce-48c9-be03-a9de55c0871d done.
Job 0131bbe2-1175-4c2b-b12b-49b353465b7a done.
Job 0b6d30bc-6495-4b94-b9e0-448a89aedea2 done.
Job 5e8b415a-3ed3-4cb4-a580-c8d32bb48f87 done.
Job bdaeefd9-03e6-4c1b-ae2b-06493dfad8bb done.
Job 3519da8a-4a63-409a-a77b-e9cc591767cd done.
Job 4c57d555-aff4-4dab-86ac-e73be1b3c95e done.
Job dddb213b-57d7-4f63-81f2-647b0a108178 done.
Job 0c2beebc-bcb1-4cdc-b05b-4ee44732d050 done.
Job 4baf32f7-5b33-4735-94be-30203e0f8274 done.
Job cb9ba997-2129-4255-9f41-eb288b261b31 done.
Job 402ab14a-da97-45eb-a438-3aee4146c88f done.
Job bdb993c7-0cef-4a38-9846-dd445683ed40 done.
Job 8af15458-bdb5-4589-8abe-05ab460da900 done.
Job 04955555-4ddc-4ead-82a1-920e4fc6c98b done.
Job 09095265-b940-468b-a60d-6ff74183daf0 done.
Job d15ce5a9-dc58-4777-89ac-bece5dc904a8 done.
Job d33c67c3-0c45-45bf-aace-88732a248602 done.
Job f51ec591-6c69-4c99-9e4a-08409699e4cf done.
Job 6834a7a9-75ff-40de-9e64-6fe184928cea done.
Job 629138fd-7a6f-4e7e-b621-fcb1b214d0c9 done.
Job ccbc0e41-f5b5-40aa-ba7c-e30af2cb2caf done.
Job cf58099b-f8bf-48b3-a582-cae31cda4f5b done.
Job f1559a3a-7ff9-401d-be12-602278a56fa2 done.
Job e0ab1ffd-927a-43c9-a3d2-3dbb3d87a84e done.
Job 92f095e5-206c-4c23-ac80-c5c3252b60e0 done.
Job bd382eec-c9ed-48c3-a0ca-e06300b43588 done.
Job f23417a7-15d3-49db-ac6f-09b5ba21a35c done.
Job 445680cc-c129-47c7-8051-71039e325cc7 done.
Job 0f9d98b9-3f5e-4125-8775-276802defd86 done.
Job f94713fa-279b-4f26-8ce1-ee21f55ff258 done.
Job bc4f9cab-54d0-4a51-adc6-48b5444d0086 done.
Job da5a7ec4-f63a-48f1-963c-a49704c2dd6d done.
Job a5f8e573-655d-4e9e-9a6c-1cb5fb06c66c done.
Job 9f15ead9-6204-4edf-97ca-e9e8906f0acd done.
Job 51851967-2014-40b5-8baa-f41d19447aa6 done.
Job d241fbf6-6596-4405-ae67-18982b6cab85 done.
Job dd5f23ce-00f9-4073-8809-e7d9d86494da done.
Job b7d1f254-a129-4cf3-bb46-41b899d3dff2 done.
Job 42293544-6278-4974-951d-01c9b9fe1db7 done.
Job cdff1c55-40db-483b-bf39-3441fed7d91a done.
Job 67d3c003-c5c3-449e-8209-5ce4a5ae3e91 done.
Job 5da962e4-67cd-4730-8c95-671d7d80168f done.
Job d7d1c52f-b214-4d68-8218-bc7d6cdcea7d done.
Job dfe4b7da-ee82-47fd-8dfa-c6c7b3231540 done.
Job 91ab01dd-52a3-4b2f-9a3b-fb0b468e27be done.
Job 1856de81-43d1-4d57-8298-2ae6215b10d0 done.
Job 3cf40053-7bfe-450f-bb7b-d2049dcc26b6 done.
Job 5327766b-6fa1-4a27-bd1b-2258ab72c522 done.
Job 3a5d6613-b37f-48bb-9a1c-123b216dbb0c done.
Job 7eab530f-6dc7-49a4-94dc-2187cf4e31cc done.
Job 325d222e-e725-4581-abe6-c063345a3bb7 done.
Job 57b798a7-f0cd-4dce-bbda-18fa8596e77d done.
Job 8dd80abe-9405-4305-8466-d817294b3602 done.
Job a70fad1c-99f8-429a-99d6-b4e1a6e9ab3a done.
Job 6395f346-85bd-4009-bca4-259fa2b8ccdf done.
Job a1ba41c4-0dfa-464e-8901-a1d710e2538a done.
Job 32df8dd4-e836-4d13-a581-6d44cb425207 done.
Job 966a4615-1fdb-4d07-9c53-4229ee60d693 done.
Job c068f0bb-a4cb-4d0b-9177-54d60ff5aa2e done.
Job c2ffcc57-adef-4348-8298-dd456f316548 done.
Job 4320ba7f-167d-47e0-a2a9-7c1714533313 done.
Job 6a3df463-8613-41dc-af00-8ee0204802ff done.
Job 989bf53e-fab7-48d2-a0cd-ad4e82e35947 done.
Job 13cafd5a-5ee5-4aa7-b0ad-a67c0ef25ecf done.
Job 2cad6079-a04f-4854-b3fe-4103a202ff90 done.
Job 05d40c84-6667-402e-8b16-aea59e1c140f done.
Job 39b9cd92-6c86-44a1-84f6-2571e675badd done.
Job 95c78102-ac38-4f78-a5ae-7534f96399fb done.
Job 0145bf6a-3aba-47a1-b92b-84e19c647b91 done.
Job 872325a1-f475-4b44-a43f-3ec231c19047 done.
Job 7f00abfd-7e5f-4e24-8b6a-67c6bebd4846 done.
Job 0344ae50-c690-4952-b582-4041e3d07790 done.
Job 42fffe2f-b4e3-4dd4-9acb-d6518c9d4b29 done.
Job fcab8ef8-9f9b-42ba-9312-e029bbcc7255 done.
Job 50588c2e-d2ea-4a74-bddc-72857b3fc479 done.
Job 036a5b16-c2f9-4e6f-a3bb-257999715612 done.
Job bd599a95-499d-4f68-a573-19dfeb449d58 done.
Job 6615b6f1-452e-45fd-bc2c-7a2b645ac03a done.
Job d438fdd8-b82b-4c00-875e-bfa7c9c5fb80 done.
Job f2322a17-27e9-41b3-9417-8f7d5260f523 done.
Job 39ae0e87-ced0-41d5-a825-e0a6ebb208f2 done.
Job 92528ee4-f13c-4269-b8a1-fd962ba38411 done.
Job 037cf278-fb80-445d-842e-0e6743f895c9 done.
Job b1ddd2f9-5f82-4775-9387-a9cc472c5c76 done.
Job 320ccbfc-26f4-431f-9bc9-3b39d96c58a9 done.
Job c2d99fda-d74d-43bc-95fb-efef31daec87 done.
Job a3fb9b7f-e548-48a3-afc5-97909affd8be done.
Job b68cf0ad-355c-42ba-899a-f73b23241b43 done.PHP Warning:  PHP Startup: Unable to load dynamic library 'pdo_pgsql' (tried: /www/server/php/83/lib/php/extensions/no-debug-non-zts-20230831/pdo_pgsql (/www/server/php/83/lib/php/extensions/no-debug-non-zts-20230831/pdo_pgsql: cannot open shared object file: No such file or directory), /www/server/php/83/lib/php/extensions/no-debug-non-zts-20230831/pdo_pgsql.so (/www/server/php/83/lib/php/extensions/no-debug-non-zts-20230831/pdo_pgsql.so: cannot open shared object file: No such file or directory)) in Unknown on line 0
PHP Warning:  PHP Startup: Unable to load dynamic library 'pgsql' (tried: /www/server/php/83/lib/php/extensions/no-debug-non-zts-20230831/pgsql (/www/server/php/83/lib/php/extensions/no-debug-non-zts-20230831/pgsql: cannot open shared object file: No such file or directory), /www/server/php/83/lib/php/extensions/no-debug-non-zts-20230831/pgsql.so (/www/server/php/83/lib/php/extensions/no-debug-non-zts-20230831/pgsql.so: cannot open shared object file: No such file or directory)) in Unknown on line 0

Job 1ef58fda-fd51-41ab-95c9-d03917116cd2 done.
Job d643b2f6-069f-43fc-a0f0-27ca847031a5 done.
Job 96afc409-c31c-4cdd-85a4-8b2ae1fb86fc done.
Job eea90f4a-8114-4203-b5f6-ec097d3a5b10 done.
Job a4f6fd31-8342-40b1-8f9c-32c1e7bb07ed done.
Job 5f207dd4-6af5-4098-bc0e-8b542076c26a done.
Job fb738778-ec2d-4ec5-b77c-bc8d7b8117cd done.
Job 4c1c2f94-2cbc-4646-b3a2-128b3a8236f5 done.
Job 1429f59e-c84a-45c6-8d26-9432e0c78817 done.
Job dde5bb57-3324-4f07-817b-28c81bdabe38 done.
Job dc0d96d5-5a14-460c-8cb1-ef6d694e3437 done.
Job ce87388e-e584-444e-bdcc-88dfaa159f1e done.
Job b9315009-b43c-4aa0-8804-1fb87dab1bf4 done.
Job 94b15cd5-bc98-4e9c-807d-84ad4e48a7a6 done.
Job 098e6d14-c0d6-491f-8ea8-6edb6406e71f done.
Job 768eb364-322a-4f0a-8942-7e848071d44f done.
Job d28d5cd4-de43-4ba4-8026-2f157b38ffec done.
Job 0d9251de-a31c-4dab-abf6-b262b6932adb done.
Job 5618ceb3-7b72-445c-817c-0190e3a79f2f done.
Job 5cecf889-bd93-4dc6-87f3-56d14f7b5c44 done.
Job d9233bf3-d863-4765-a1cd-4e08023dc811 done.
Job 45b56f78-583b-403a-939b-b58fdb5bfea8 done.
Job 855fc2ed-cea9-41ee-95fc-39a0e06a2375 done.
Job d2043177-0b44-495b-a989-b070fe35f479 done.
Job c773f37d-9815-412b-873c-9bea1b790760 done.
Job db4b962f-109f-4be0-a9e1-25cde43ba6f3 done.
Job c1df4ca9-38f7-4783-8cdf-38e138049761 done.
Job 9c50a05e-91d3-4804-b244-c6accdb641de done.
Job 4e7d07c2-fad3-4224-8296-ce026c3f10c3 done.
Job c79986f3-40d5-457b-a068-226c56d156d4 done.
Job 5e539466-a726-489a-906b-3f76f97786be done.
Job 65c6e9da-8365-41ac-a33a-b5f8ad6f240c done.
Job 7c8cba40-070b-48a0-9a48-aa7768a803ca done.
Job ff723630-e518-422f-8a0d-afef23fd5d91 done.
Job 65c3a822-bcfd-4c92-9ca8-7b0be42fce31 done.
Job 74e9b60a-bb10-4528-afb6-b723b4cac8f3 done.
Job f241e38c-4bdc-4f39-8207-16e141a09c23 done.
Job a2f9bfae-9a90-4adf-a5f1-eca04afb3f89 done.
Job 18d83762-6356-4f5f-bee5-ea9556b06977 done.
Job 55344fec-8826-4413-ac99-2f331d432e5b done.
Job db4b555d-f564-407b-b6ce-4a48c9b0fcba done.
Job bc52f14f-847a-4572-9a3d-9e26837cc8a6 done.
Job f65f6206-a12c-4adc-84e7-e8690d3644b9 done.
Job da08d233-dc69-4225-bd58-dbabee0affdd done.
Job 9d3ea655-63d4-4336-b52b-c3168e618529 done.
Job c4896f9d-00be-4ca8-952e-99dfd5aae2a3 done.
Job 5dc2b208-dea5-458f-bc50-87a2133d7af1 done.
Job 850b77a4-da92-4e13-8689-acee04694bc8 done.
Job 94d77bd2-696b-4874-ac09-510ad3927e25 done.
Job c8e7eb7b-c64a-4548-aa86-5885f5201c40 done.
Job 7fd40784-374f-41af-bc37-868819a1f06b done.
Job aefb9fdf-c711-489e-8939-11f4a68c2693 done.