ErrorException: Attempt to read property "id" on null in /www/wwwroot/watrbx.xyz/views/item.php:13
Stack trace:
#0 /www/wwwroot/watrbx.xyz/views/item.php(13): {closure}()
#1 /www/wwwroot/watrbx.xyz/classes/watrlabs/watrkit/pagebuilder.php(66): require('...')
#2 /www/wwwroot/watrbx.xyz/routes/webhandler.php(181): watrlabs\watrkit\pagebuilder::get_template()
#3 [internal function]: watrlabs\router\Routing->{closure}()
#4 /www/wwwroot/watrbx.xyz/classes/watrlabs/router/routing.php(168): call_user_func_array()
#5 /www/wwwroot/watrbx.xyz/public/index.php(84): watrlabs\router\Routing->dispatch()
#6 {main}

ErrorException: Attempt to read property "id" on null in /www/wwwroot/watrbx.xyz/views/item.php:13
Stack trace:
#0 /www/wwwroot/watrbx.xyz/views/item.php(13): {closure}()
#1 /www/wwwroot/watrbx.xyz/classes/watrlabs/watrkit/pagebuilder.php(66): require('...')
#2 /www/wwwroot/watrbx.xyz/routes/webhandler.php(181): watrlabs\watrkit\pagebuilder::get_template()
#3 [internal function]: watrlabs\router\Routing->{closure}()
#4 /www/wwwroot/watrbx.xyz/classes/watrlabs/router/routing.php(168): call_user_func_array()
#5 /www/wwwroot/watrbx.xyz/public/index.php(84): watrlabs\router\Routing->dispatch()
#6 {main}

ErrorException: Undefined variable $part in /www/wwwroot/watrbx.xyz/routes/webhandler.php:339
Stack trace:
#0 /www/wwwroot/watrbx.xyz/routes/webhandler.php(339): {closure}()
#1 [internal function]: watrlabs\router\Routing->{closure}()
#2 /www/wwwroot/watrbx.xyz/classes/watrlabs/router/routing.php(159): call_user_func()
#3 /www/wwwroot/watrbx.xyz/public/index.php(84): watrlabs\router\Routing->dispatch()
#4 {main}

PDOException: SQLSTATE[23000]: Integrity constraint violation: 1048 Column 'color' cannot be null in /www/wwwroot/watrbx.xyz/vendor/usmanhalalit/pixie/src/Pixie/QueryBuilder/QueryBuilderHandler.php:159
Stack trace:
#0 /www/wwwroot/watrbx.xyz/vendor/usmanhalalit/pixie/src/Pixie/QueryBuilder/QueryBuilderHandler.php(159): PDOStatement->execute()
#1 /www/wwwroot/watrbx.xyz/vendor/usmanhalalit/pixie/src/Pixie/QueryBuilder/QueryBuilderHandler.php(333): Pixie\QueryBuilder\QueryBuilderHandler->statement()
#2 /www/wwwroot/watrbx.xyz/vendor/usmanhalalit/pixie/src/Pixie/QueryBuilder/QueryBuilderHandler.php(364): Pixie\QueryBuilder\QueryBuilderHandler->doInsert()
#3 /www/wwwroot/watrbx.xyz/routes/webhandler.php(344): Pixie\QueryBuilder\QueryBuilderHandler->insert()
#4 [internal function]: watrlabs\router\Routing->{closure}()
#5 /www/wwwroot/watrbx.xyz/classes/watrlabs/router/routing.php(159): call_user_func()
#6 /www/wwwroot/watrbx.xyz/public/index.php(84): watrlabs\router\Routing->dispatch()
#7 {main}

PDOException: SQLSTATE[22007]: Invalid datetime format: 1292 Truncated incorrect DOUBLE value: 'ColorChooserLeftArm' in /www/wwwroot/watrbx.xyz/vendor/usmanhalalit/pixie/src/Pixie/QueryBuilder/QueryBuilderHandler.php:159
Stack trace:
#0 /www/wwwroot/watrbx.xyz/vendor/usmanhalalit/pixie/src/Pixie/QueryBuilder/QueryBuilderHandler.php(159): PDOStatement->execute()
#1 /www/wwwroot/watrbx.xyz/vendor/usmanhalalit/pixie/src/Pixie/QueryBuilder/QueryBuilderHandler.php(401): Pixie\QueryBuilder\QueryBuilderHandler->statement()
#2 /www/wwwroot/watrbx.xyz/routes/webhandler.php(336): Pixie\QueryBuilder\QueryBuilderHandler->update()
#3 [internal function]: watrlabs\router\Routing->{closure}()
#4 /www/wwwroot/watrbx.xyz/classes/watrlabs/router/routing.php(159): call_user_func()
#5 /www/wwwroot/watrbx.xyz/public/index.php(84): watrlabs\router\Routing->dispatch()
#6 {main}

PDOException: SQLSTATE[22007]: Invalid datetime format: 1292 Truncated incorrect DOUBLE value: 'ColorChooserLeftArm' in /www/wwwroot/watrbx.xyz/vendor/usmanhalalit/pixie/src/Pixie/QueryBuilder/QueryBuilderHandler.php:159
Stack trace:
#0 /www/wwwroot/watrbx.xyz/vendor/usmanhalalit/pixie/src/Pixie/QueryBuilder/QueryBuilderHandler.php(159): PDOStatement->execute()
#1 /www/wwwroot/watrbx.xyz/vendor/usmanhalalit/pixie/src/Pixie/QueryBuilder/QueryBuilderHandler.php(401): Pixie\QueryBuilder\QueryBuilderHandler->statement()
#2 /www/wwwroot/watrbx.xyz/routes/webhandler.php(336): Pixie\QueryBuilder\QueryBuilderHandler->update()
#3 [internal function]: watrlabs\router\Routing->{closure}()
#4 /www/wwwroot/watrbx.xyz/classes/watrlabs/router/routing.php(159): call_user_func()
#5 /www/wwwroot/watrbx.xyz/public/index.php(84): watrlabs\router\Routing->dispatch()
#6 {main}

ErrorException: Attempt to read property "id" on null in /www/wwwroot/watrbx.xyz/views/item.php:13
Stack trace:
#0 /www/wwwroot/watrbx.xyz/views/item.php(13): {closure}()
#1 /www/wwwroot/watrbx.xyz/classes/watrlabs/watrkit/pagebuilder.php(66): require('...')
#2 /www/wwwroot/watrbx.xyz/routes/webhandler.php(181): watrlabs\watrkit\pagebuilder::get_template()
#3 [internal function]: watrlabs\router\Routing->{closure}()
#4 /www/wwwroot/watrbx.xyz/classes/watrlabs/router/routing.php(168): call_user_func_array()
#5 /www/wwwroot/watrbx.xyz/public/index.php(84): watrlabs\router\Routing->dispatch()
#6 {main}

ErrorException: Trying to access array offset on null in /www/wwwroot/watrbx.xyz/routes/clienthandler.php:106
Stack trace:
#0 /www/wwwroot/watrbx.xyz/routes/clienthandler.php(106): {closure}()
#1 [internal function]: watrlabs\router\Routing->{closure}()
#2 /www/wwwroot/watrbx.xyz/classes/watrlabs/router/routing.php(159): call_user_func()
#3 /www/wwwroot/watrbx.xyz/public/index.php(84): watrlabs\router\Routing->dispatch()
#4 {main}

ErrorException: Trying to access array offset on null in /www/wwwroot/watrbx.xyz/routes/clienthandler.php:106
Stack trace:
#0 /www/wwwroot/watrbx.xyz/routes/clienthandler.php(106): {closure}()
#1 [internal function]: watrlabs\router\Routing->{closure}()
#2 /www/wwwroot/watrbx.xyz/classes/watrlabs/router/routing.php(159): call_user_func()
#3 /www/wwwroot/watrbx.xyz/public/index.php(84): watrlabs\router\Routing->dispatch()
#4 {main}

ErrorException: Trying to access array offset on null in /www/wwwroot/watrbx.xyz/routes/clienthandler.php:106
Stack trace:
#0 /www/wwwroot/watrbx.xyz/routes/clienthandler.php(106): {closure}()
#1 [internal function]: watrlabs\router\Routing->{closure}()
#2 /www/wwwroot/watrbx.xyz/classes/watrlabs/router/routing.php(159): call_user_func()
#3 /www/wwwroot/watrbx.xyz/public/index.php(84): watrlabs\router\Routing->dispatch()
#4 {main}

ErrorException: Trying to access array offset on null in /www/wwwroot/watrbx.xyz/routes/clienthandler.php:106
Stack trace:
#0 /www/wwwroot/watrbx.xyz/routes/clienthandler.php(106): {closure}()
#1 [internal function]: watrlabs\router\Routing->{closure}()
#2 /www/wwwroot/watrbx.xyz/classes/watrlabs/router/routing.php(159): call_user_func()
#3 /www/wwwroot/watrbx.xyz/public/index.php(84): watrlabs\router\Routing->dispatch()
#4 {main}

ErrorException: Trying to access array offset on null in /www/wwwroot/watrbx.xyz/routes/clienthandler.php:106
Stack trace:
#0 /www/wwwroot/watrbx.xyz/routes/clienthandler.php(106): {closure}()
#1 [internal function]: watrlabs\router\Routing->{closure}()
#2 /www/wwwroot/watrbx.xyz/classes/watrlabs/router/routing.php(159): call_user_func()
#3 /www/wwwroot/watrbx.xyz/public/index.php(84): watrlabs\router\Routing->dispatch()
#4 {main}

ErrorException: Trying to access array offset on null in /www/wwwroot/watrbx.xyz/routes/clienthandler.php:106
Stack trace:
#0 /www/wwwroot/watrbx.xyz/routes/clienthandler.php(106): {closure}()
#1 [internal function]: watrlabs\router\Routing->{closure}()
#2 /www/wwwroot/watrbx.xyz/classes/watrlabs/router/routing.php(159): call_user_func()
#3 /www/wwwroot/watrbx.xyz/public/index.php(84): watrlabs\router\Routing->dispatch()
#4 {main}

ErrorException: Trying to access array offset on null in /www/wwwroot/watrbx.xyz/routes/clienthandler.php:106
Stack trace:
#0 /www/wwwroot/watrbx.xyz/routes/clienthandler.php(106): {closure}()
#1 [internal function]: watrlabs\router\Routing->{closure}()
#2 /www/wwwroot/watrbx.xyz/classes/watrlabs/router/routing.php(159): call_user_func()
#3 /www/wwwroot/watrbx.xyz/public/index.php(84): watrlabs\router\Routing->dispatch()
#4 {main}

ErrorException: Attempt to read property "color" on array in /www/wwwroot/watrbx.xyz/classes/watrlabs/authentication.php:65
Stack trace:
#0 /www/wwwroot/watrbx.xyz/classes/watrlabs/authentication.php(65): {closure}()
#1 /www/wwwroot/watrbx.xyz/routes/clienthandler.php(102): watrlabs\authentication->get_body_colors()
#2 [internal function]: watrlabs\router\Routing->{closure}()
#3 /www/wwwroot/watrbx.xyz/classes/watrlabs/router/routing.php(159): call_user_func()
#4 /www/wwwroot/watrbx.xyz/public/index.php(84): watrlabs\router\Routing->dispatch()
#5 {main}

ErrorException: Attempt to read property "color" on array in /www/wwwroot/watrbx.xyz/classes/watrlabs/authentication.php:65
Stack trace:
#0 /www/wwwroot/watrbx.xyz/classes/watrlabs/authentication.php(65): {closure}()
#1 /www/wwwroot/watrbx.xyz/routes/clienthandler.php(102): watrlabs\authentication->get_body_colors()
#2 [internal function]: watrlabs\router\Routing->{closure}()
#3 /www/wwwroot/watrbx.xyz/classes/watrlabs/router/routing.php(159): call_user_func()
#4 /www/wwwroot/watrbx.xyz/public/index.php(84): watrlabs\router\Routing->dispatch()
#5 {main}

ErrorException: Undefined variable $userid in /www/wwwroot/watrbx.xyz/views/avatar.php:12
Stack trace:
#0 /www/wwwroot/watrbx.xyz/views/avatar.php(12): {closure}()
#1 /www/wwwroot/watrbx.xyz/classes/watrlabs/watrkit/pagebuilder.php(66): require('...')
#2 /www/wwwroot/watrbx.xyz/routes/webhandler.php(264): watrlabs\watrkit\pagebuilder::get_template()
#3 [internal function]: watrlabs\router\Routing->{closure}()
#4 /www/wwwroot/watrbx.xyz/classes/watrlabs/router/routing.php(159): call_user_func()
#5 /www/wwwroot/watrbx.xyz/public/index.php(84): watrlabs\router\Routing->dispatch()
#6 {main}

ErrorException: Undefined variable $currentuser in /www/wwwroot/watrbx.xyz/views/avatar.php:12
Stack trace:
#0 /www/wwwroot/watrbx.xyz/views/avatar.php(12): {closure}()
#1 /www/wwwroot/watrbx.xyz/classes/watrlabs/watrkit/pagebuilder.php(66): require('...')
#2 /www/wwwroot/watrbx.xyz/routes/webhandler.php(264): watrlabs\watrkit\pagebuilder::get_template()
#3 [internal function]: watrlabs\router\Routing->{closure}()
#4 /www/wwwroot/watrbx.xyz/classes/watrlabs/router/routing.php(159): call_user_func()
#5 /www/wwwroot/watrbx.xyz/public/index.php(84): watrlabs\router\Routing->dispatch()
#6 {main}

ErrorException: Attempt to read property "id" on null in /www/wwwroot/watrbx.xyz/views/item.php:13
Stack trace:
#0 /www/wwwroot/watrbx.xyz/views/item.php(13): {closure}()
#1 /www/wwwroot/watrbx.xyz/classes/watrlabs/watrkit/pagebuilder.php(66): require('...')
#2 /www/wwwroot/watrbx.xyz/routes/webhandler.php(181): watrlabs\watrkit\pagebuilder::get_template()
#3 [internal function]: watrlabs\router\Routing->{closure}()
#4 /www/wwwroot/watrbx.xyz/classes/watrlabs/router/routing.php(168): call_user_func_array()
#5 /www/wwwroot/watrbx.xyz/public/index.php(84): watrlabs\router\Routing->dispatch()
#6 {main}

ErrorException: Attempt to read property "id" on null in /www/wwwroot/watrbx.xyz/views/item.php:13
Stack trace:
#0 /www/wwwroot/watrbx.xyz/views/item.php(13): {closure}()
#1 /www/wwwroot/watrbx.xyz/classes/watrlabs/watrkit/pagebuilder.php(66): require('...')
#2 /www/wwwroot/watrbx.xyz/routes/webhandler.php(181): watrlabs\watrkit\pagebuilder::get_template()
#3 [internal function]: watrlabs\router\Routing->{closure}()
#4 /www/wwwroot/watrbx.xyz/classes/watrlabs/router/routing.php(168): call_user_func_array()
#5 /www/wwwroot/watrbx.xyz/public/index.php(84): watrlabs\router\Routing->dispatch()
#6 {main}

ErrorException: Attempt to read property "id" on null in /www/wwwroot/watrbx.xyz/views/item.php:13
Stack trace:
#0 /www/wwwroot/watrbx.xyz/views/item.php(13): {closure}()
#1 /www/wwwroot/watrbx.xyz/classes/watrlabs/watrkit/pagebuilder.php(66): require('...')
#2 /www/wwwroot/watrbx.xyz/routes/webhandler.php(181): watrlabs\watrkit\pagebuilder::get_template()
#3 [internal function]: watrlabs\router\Routing->{closure}()
#4 /www/wwwroot/watrbx.xyz/classes/watrlabs/router/routing.php(168): call_user_func_array()
#5 /www/wwwroot/watrbx.xyz/public/index.php(84): watrlabs\router\Routing->dispatch()
#6 {main}

ErrorException: Attempt to read property "id" on null in /www/wwwroot/watrbx.xyz/views/item.php:13
Stack trace:
#0 /www/wwwroot/watrbx.xyz/views/item.php(13): {closure}()
#1 /www/wwwroot/watrbx.xyz/classes/watrlabs/watrkit/pagebuilder.php(66): require('...')
#2 /www/wwwroot/watrbx.xyz/routes/webhandler.php(181): watrlabs\watrkit\pagebuilder::get_template()
#3 [internal function]: watrlabs\router\Routing->{closure}()
#4 /www/wwwroot/watrbx.xyz/classes/watrlabs/router/routing.php(168): call_user_func_array()
#5 /www/wwwroot/watrbx.xyz/public/index.php(84): watrlabs\router\Routing->dispatch()
#6 {main}

ErrorException: Attempt to read property "id" on null in /www/wwwroot/watrbx.xyz/views/item.php:13
Stack trace:
#0 /www/wwwroot/watrbx.xyz/views/item.php(13): {closure}()
#1 /www/wwwroot/watrbx.xyz/classes/watrlabs/watrkit/pagebuilder.php(66): require('...')
#2 /www/wwwroot/watrbx.xyz/routes/webhandler.php(181): watrlabs\watrkit\pagebuilder::get_template()
#3 [internal function]: watrlabs\router\Routing->{closure}()
#4 /www/wwwroot/watrbx.xyz/classes/watrlabs/router/routing.php(168): call_user_func_array()
#5 /www/wwwroot/watrbx.xyz/public/index.php(84): watrlabs\router\Routing->dispatch()
#6 {main}

ErrorException: Attempt to read property "id" on null in /www/wwwroot/watrbx.xyz/views/item.php:13
Stack trace:
#0 /www/wwwroot/watrbx.xyz/views/item.php(13): {closure}()
#1 /www/wwwroot/watrbx.xyz/classes/watrlabs/watrkit/pagebuilder.php(66): require('...')
#2 /www/wwwroot/watrbx.xyz/routes/webhandler.php(181): watrlabs\watrkit\pagebuilder::get_template()
#3 [internal function]: watrlabs\router\Routing->{closure}()
#4 /www/wwwroot/watrbx.xyz/classes/watrlabs/router/routing.php(168): call_user_func_array()
#5 /www/wwwroot/watrbx.xyz/public/index.php(84): watrlabs\router\Routing->dispatch()
#6 {main}

ErrorException: Attempt to read property "username" on null in /www/wwwroot/watrbx.xyz/views/user/friends.php:47
Stack trace:
#0 /www/wwwroot/watrbx.xyz/views/user/friends.php(47): {closure}()
#1 /www/wwwroot/watrbx.xyz/classes/watrlabs/watrkit/pagebuilder.php(66): require('...')
#2 /www/wwwroot/watrbx.xyz/routes/webhandler.php(127): watrlabs\watrkit\pagebuilder::get_template()
#3 [internal function]: watrlabs\router\Routing->{closure}()
#4 /www/wwwroot/watrbx.xyz/classes/watrlabs/router/routing.php(168): call_user_func_array()
#5 /www/wwwroot/watrbx.xyz/public/index.php(84): watrlabs\router\Routing->dispatch()
#6 {main}

ErrorException: Attempt to read property "server" on null in /www/wwwroot/watrbx.xyz/routes/apihandler.php:1940
Stack trace:
#0 /www/wwwroot/watrbx.xyz/routes/apihandler.php(1940): {closure}()
#1 [internal function]: watrlabs\router\Routing->{closure}()
#2 /www/wwwroot/watrbx.xyz/classes/watrlabs/router/routing.php(159): call_user_func()
#3 /www/wwwroot/watrbx.xyz/public/index.php(84): watrlabs\router\Routing->dispatch()
#4 {main}

ErrorException: Attempt to read property "server" on null in /www/wwwroot/watrbx.xyz/routes/apihandler.php:1940
Stack trace:
#0 /www/wwwroot/watrbx.xyz/routes/apihandler.php(1940): {closure}()
#1 [internal function]: watrlabs\router\Routing->{closure}()
#2 /www/wwwroot/watrbx.xyz/classes/watrlabs/router/routing.php(159): call_user_func()
#3 /www/wwwroot/watrbx.xyz/public/index.php(84): watrlabs\router\Routing->dispatch()
#4 {main}

ErrorException: Attempt to read property "server" on null in /www/wwwroot/watrbx.xyz/routes/apihandler.php:1940
Stack trace:
#0 /www/wwwroot/watrbx.xyz/routes/apihandler.php(1940): {closure}()
#1 [internal function]: watrlabs\router\Routing->{closure}()
#2 /www/wwwroot/watrbx.xyz/classes/watrlabs/router/routing.php(159): call_user_func()
#3 /www/wwwroot/watrbx.xyz/public/index.php(84): watrlabs\router\Routing->dispatch()
#4 {main}

ErrorException: Attempt to read property "server" on null in /www/wwwroot/watrbx.xyz/routes/apihandler.php:1940
Stack trace:
#0 /www/wwwroot/watrbx.xyz/routes/apihandler.php(1940): {closure}()
#1 [internal function]: watrlabs\router\Routing->{closure}()
#2 /www/wwwroot/watrbx.xyz/classes/watrlabs/router/routing.php(159): call_user_func()
#3 /www/wwwroot/watrbx.xyz/public/index.php(84): watrlabs\router\Routing->dispatch()
#4 {main}

ErrorException: Attempt to read property "server" on null in /www/wwwroot/watrbx.xyz/routes/apihandler.php:1940
Stack trace:
#0 /www/wwwroot/watrbx.xyz/routes/apihandler.php(1940): {closure}()
#1 [internal function]: watrlabs\router\Routing->{closure}()
#2 /www/wwwroot/watrbx.xyz/classes/watrlabs/router/routing.php(159): call_user_func()
#3 /www/wwwroot/watrbx.xyz/public/index.php(84): watrlabs\router\Routing->dispatch()
#4 {main}

ErrorException: Attempt to read property "server" on null in /www/wwwroot/watrbx.xyz/routes/apihandler.php:1940
Stack trace:
#0 /www/wwwroot/watrbx.xyz/routes/apihandler.php(1940): {closure}()
#1 [internal function]: watrlabs\router\Routing->{closure}()
#2 /www/wwwroot/watrbx.xyz/classes/watrlabs/router/routing.php(159): call_user_func()
#3 /www/wwwroot/watrbx.xyz/public/index.php(84): watrlabs\router\Routing->dispatch()
#4 {main}

ErrorException: Attempt to read property "id" on null in /www/wwwroot/watrbx.xyz/views/item.php:13
Stack trace:
#0 /www/wwwroot/watrbx.xyz/views/item.php(13): {closure}()
#1 /www/wwwroot/watrbx.xyz/classes/watrlabs/watrkit/pagebuilder.php(66): require('...')
#2 /www/wwwroot/watrbx.xyz/routes/webhandler.php(181): watrlabs\watrkit\pagebuilder::get_template()
#3 [internal function]: watrlabs\router\Routing->{closure}()
#4 /www/wwwroot/watrbx.xyz/classes/watrlabs/router/routing.php(168): call_user_func_array()
#5 /www/wwwroot/watrbx.xyz/public/index.php(84): watrlabs\router\Routing->dispatch()
#6 {main}

ErrorException: Attempt to read property "id" on null in /www/wwwroot/watrbx.xyz/views/item.php:13
Stack trace:
#0 /www/wwwroot/watrbx.xyz/views/item.php(13): {closure}()
#1 /www/wwwroot/watrbx.xyz/classes/watrlabs/watrkit/pagebuilder.php(66): require('...')
#2 /www/wwwroot/watrbx.xyz/routes/webhandler.php(181): watrlabs\watrkit\pagebuilder::get_template()
#3 [internal function]: watrlabs\router\Routing->{closure}()
#4 /www/wwwroot/watrbx.xyz/classes/watrlabs/router/routing.php(168): call_user_func_array()
#5 /www/wwwroot/watrbx.xyz/public/index.php(84): watrlabs\router\Routing->dispatch()
#6 {main}

ErrorException: Attempt to read property "prodcategory" on null in /www/wwwroot/watrbx.xyz/classes/watrbx/thumbnails.php:36
Stack trace:
#0 /www/wwwroot/watrbx.xyz/classes/watrbx/thumbnails.php(36): {closure}()
#1 /www/wwwroot/watrbx.xyz/routes/apihandler.php(984): watrbx\thumbnails->get_asset_thumb()
#2 [internal function]: watrlabs\router\Routing->{closure}()
#3 /www/wwwroot/watrbx.xyz/classes/watrlabs/router/routing.php(159): call_user_func()
#4 /www/wwwroot/watrbx.xyz/public/index.php(84): watrlabs\router\Routing->dispatch()
#5 {main}

ErrorException: Attempt to read property "prodcategory" on null in /www/wwwroot/watrbx.xyz/classes/watrbx/thumbnails.php:36
Stack trace:
#0 /www/wwwroot/watrbx.xyz/classes/watrbx/thumbnails.php(36): {closure}()
#1 /www/wwwroot/watrbx.xyz/routes/apihandler.php(984): watrbx\thumbnails->get_asset_thumb()
#2 [internal function]: watrlabs\router\Routing->{closure}()
#3 /www/wwwroot/watrbx.xyz/classes/watrlabs/router/routing.php(159): call_user_func()
#4 /www/wwwroot/watrbx.xyz/public/index.php(84): watrlabs\router\Routing->dispatch()
#5 {main}

ErrorException: Attempt to read property "id" on null in /www/wwwroot/watrbx.xyz/views/item.php:13
Stack trace:
#0 /www/wwwroot/watrbx.xyz/views/item.php(13): {closure}()
#1 /www/wwwroot/watrbx.xyz/classes/watrlabs/watrkit/pagebuilder.php(66): require('...')
#2 /www/wwwroot/watrbx.xyz/routes/webhandler.php(181): watrlabs\watrkit\pagebuilder::get_template()
#3 [internal function]: watrlabs\router\Routing->{closure}()
#4 /www/wwwroot/watrbx.xyz/classes/watrlabs/router/routing.php(168): call_user_func_array()
#5 /www/wwwroot/watrbx.xyz/public/index.php(84): watrlabs\router\Routing->dispatch()
#6 {main}

ErrorException: file_get_contents(https://thumbnails.roblox.com/v1/assets?assetIds=81352305&amp;format=PNG&amp;size=512x512): Failed to open stream: HTTP request failed! HTTP/1.1 429 Too Many Requests
 in /www/wwwroot/watrbx.xyz/routes/webhandler.php:58
Stack trace:
#0 [internal function]: {closure}()
#1 /www/wwwroot/watrbx.xyz/routes/webhandler.php(58): file_get_contents()
#2 [internal function]: watrlabs\router\Routing->{closure}()
#3 /www/wwwroot/watrbx.xyz/classes/watrlabs/router/routing.php(159): call_user_func()
#4 /www/wwwroot/watrbx.xyz/public/index.php(84): watrlabs\router\Routing->dispatch()
#5 {main}

ErrorException: file_get_contents(https://thumbnails.roblox.com/v1/assets?assetIds=168541778&amp;format=PNG&amp;size=512x512): Failed to open stream: HTTP request failed! HTTP/1.1 429 Too Many Requests
 in /www/wwwroot/watrbx.xyz/routes/webhandler.php:58
Stack trace:
#0 [internal function]: {closure}()
#1 /www/wwwroot/watrbx.xyz/routes/webhandler.php(58): file_get_contents()
#2 [internal function]: watrlabs\router\Routing->{closure}()
#3 /www/wwwroot/watrbx.xyz/classes/watrlabs/router/routing.php(159): call_user_func()
#4 /www/wwwroot/watrbx.xyz/public/index.php(84): watrlabs\router\Routing->dispatch()
#5 {main}

ErrorException: file_get_contents(https://thumbnails.roblox.com/v1/assets?assetids=142492603&amp;size=420x420&amp;format=Png&amp;isCircular=false): Failed to open stream: HTTP request failed! HTTP/1.1 429 Too Many Requests
 in /www/wwwroot/watrbx.xyz/routes/clienthandler.php:81
Stack trace:
#0 [internal function]: {closure}()
#1 /www/wwwroot/watrbx.xyz/routes/clienthandler.php(81): file_get_contents()
#2 [internal function]: watrlabs\router\Routing->{closure}()
#3 /www/wwwroot/watrbx.xyz/classes/watrlabs/router/routing.php(159): call_user_func()
#4 /www/wwwroot/watrbx.xyz/public/index.php(84): watrlabs\router\Routing->dispatch()
#5 {main}

ErrorException: Attempt to read property "id" on null in /www/wwwroot/watrbx.xyz/views/item.php:13
Stack trace:
#0 /www/wwwroot/watrbx.xyz/views/item.php(13): {closure}()
#1 /www/wwwroot/watrbx.xyz/classes/watrlabs/watrkit/pagebuilder.php(66): require('...')
#2 /www/wwwroot/watrbx.xyz/routes/webhandler.php(181): watrlabs\watrkit\pagebuilder::get_template()
#3 [internal function]: watrlabs\router\Routing->{closure}()
#4 /www/wwwroot/watrbx.xyz/classes/watrlabs/router/routing.php(168): call_user_func_array()
#5 /www/wwwroot/watrbx.xyz/public/index.php(84): watrlabs\router\Routing->dispatch()
#6 {main}

ErrorException: file_get_contents(https://thumbnails.roblox.com/v1/assets?assetids=142492603&amp;size=420x420&amp;format=Png&amp;isCircular=false): Failed to open stream: HTTP request failed! HTTP/1.1 429 Too Many Requests
 in /www/wwwroot/watrbx.xyz/routes/clienthandler.php:81
Stack trace:
#0 [internal function]: {closure}()
#1 /www/wwwroot/watrbx.xyz/routes/clienthandler.php(81): file_get_contents()
#2 [internal function]: watrlabs\router\Routing->{closure}()
#3 /www/wwwroot/watrbx.xyz/classes/watrlabs/router/routing.php(159): call_user_func()
#4 /www/wwwroot/watrbx.xyz/public/index.php(84): watrlabs\router\Routing->dispatch()
#5 {main}

ErrorException: file_get_contents(https://thumbnails.roblox.com/v1/assets?assetIds=168540808&amp;format=PNG&amp;size=512x512): Failed to open stream: HTTP request failed! HTTP/1.1 429 Too Many Requests
 in /www/wwwroot/watrbx.xyz/routes/webhandler.php:58
Stack trace:
#0 [internal function]: {closure}()
#1 /www/wwwroot/watrbx.xyz/routes/webhandler.php(58): file_get_contents()
#2 [internal function]: watrlabs\router\Routing->{closure}()
#3 /www/wwwroot/watrbx.xyz/classes/watrlabs/router/routing.php(159): call_user_func()
#4 /www/wwwroot/watrbx.xyz/public/index.php(84): watrlabs\router\Routing->dispatch()
#5 {main}

ErrorException: file_get_contents(https://thumbnails.roblox.com/v1/assets?assetIds=168541857&amp;format=PNG&amp;size=512x512): Failed to open stream: HTTP request failed! HTTP/1.1 429 Too Many Requests
 in /www/wwwroot/watrbx.xyz/routes/webhandler.php:58
Stack trace:
#0 [internal function]: {closure}()
#1 /www/wwwroot/watrbx.xyz/routes/webhandler.php(58): file_get_contents()
#2 [internal function]: watrlabs\router\Routing->{closure}()
#3 /www/wwwroot/watrbx.xyz/classes/watrlabs/router/routing.php(159): call_user_func()
#4 /www/wwwroot/watrbx.xyz/public/index.php(84): watrlabs\router\Routing->dispatch()
#5 {main}

ErrorException: file_get_contents(https://thumbnails.roblox.com/v1/assets?assetIds=168541778&amp;format=PNG&amp;size=512x512): Failed to open stream: HTTP request failed! HTTP/1.1 429 Too Many Requests
 in /www/wwwroot/watrbx.xyz/routes/webhandler.php:58
Stack trace:
#0 [internal function]: {closure}()
#1 /www/wwwroot/watrbx.xyz/routes/webhandler.php(58): file_get_contents()
#2 [internal function]: watrlabs\router\Routing->{closure}()
#3 /www/wwwroot/watrbx.xyz/classes/watrlabs/router/routing.php(159): call_user_func()
#4 /www/wwwroot/watrbx.xyz/public/index.php(84): watrlabs\router\Routing->dispatch()
#5 {main}

ErrorException: file_get_contents(https://thumbnails.roblox.com/v1/assets?assetIds=168143658&amp;format=PNG&amp;size=512x512): Failed to open stream: HTTP request failed! HTTP/1.1 429 Too Many Requests
 in /www/wwwroot/watrbx.xyz/routes/webhandler.php:58
Stack trace:
#0 [internal function]: {closure}()
#1 /www/wwwroot/watrbx.xyz/routes/webhandler.php(58): file_get_contents()
#2 [internal function]: watrlabs\router\Routing->{closure}()
#3 /www/wwwroot/watrbx.xyz/classes/watrlabs/router/routing.php(159): call_user_func()
#4 /www/wwwroot/watrbx.xyz/public/index.php(84): watrlabs\router\Routing->dispatch()
#5 {main}

ErrorException: file_get_contents(https://thumbnails.roblox.com/v1/assets?assetids=142492603&amp;size=420x420&amp;format=Png&amp;isCircular=false): Failed to open stream: HTTP request failed! HTTP/1.1 429 Too Many Requests
 in /www/wwwroot/watrbx.xyz/routes/clienthandler.php:81
Stack trace:
#0 [internal function]: {closure}()
#1 /www/wwwroot/watrbx.xyz/routes/clienthandler.php(81): file_get_contents()
#2 [internal function]: watrlabs\router\Routing->{closure}()
#3 /www/wwwroot/watrbx.xyz/classes/watrlabs/router/routing.php(159): call_user_func()
#4 /www/wwwroot/watrbx.xyz/public/index.php(84): watrlabs\router\Routing->dispatch()
#5 {main}

ErrorException: file_get_contents(https://thumbnails.roblox.com/v1/assets?assetIds=168540808&amp;format=PNG&amp;size=512x512): Failed to open stream: HTTP request failed! HTTP/1.1 429 Too Many Requests
 in /www/wwwroot/watrbx.xyz/routes/webhandler.php:58
Stack trace:
#0 [internal function]: {closure}()
#1 /www/wwwroot/watrbx.xyz/routes/webhandler.php(58): file_get_contents()
#2 [internal function]: watrlabs\router\Routing->{closure}()
#3 /www/wwwroot/watrbx.xyz/classes/watrlabs/router/routing.php(159): call_user_func()
#4 /www/wwwroot/watrbx.xyz/public/index.php(84): watrlabs\router\Routing->dispatch()
#5 {main}

ErrorException: file_get_contents(https://thumbnails.roblox.com/v1/assets?assetIds=168541857&amp;format=PNG&amp;size=512x512): Failed to open stream: HTTP request failed! HTTP/1.1 429 Too Many Requests
 in /www/wwwroot/watrbx.xyz/routes/webhandler.php:58
Stack trace:
#0 [internal function]: {closure}()
#1 /www/wwwroot/watrbx.xyz/routes/webhandler.php(58): file_get_contents()
#2 [internal function]: watrlabs\router\Routing->{closure}()
#3 /www/wwwroot/watrbx.xyz/classes/watrlabs/router/routing.php(159): call_user_func()
#4 /www/wwwroot/watrbx.xyz/public/index.php(84): watrlabs\router\Routing->dispatch()
#5 {main}

ErrorException: file_get_contents(https://thumbnails.roblox.com/v1/assets?assetIds=168541778&amp;format=PNG&amp;size=512x512): Failed to open stream: HTTP request failed! HTTP/1.1 429 Too Many Requests
 in /www/wwwroot/watrbx.xyz/routes/webhandler.php:58
Stack trace:
#0 [internal function]: {closure}()
#1 /www/wwwroot/watrbx.xyz/routes/webhandler.php(58): file_get_contents()
#2 [internal function]: watrlabs\router\Routing->{closure}()
#3 /www/wwwroot/watrbx.xyz/classes/watrlabs/router/routing.php(159): call_user_func()
#4 /www/wwwroot/watrbx.xyz/public/index.php(84): watrlabs\router\Routing->dispatch()
#5 {main}

ErrorException: file_get_contents(https://thumbnails.roblox.com/v1/assets?assetIds=81352305&amp;format=PNG&amp;size=512x512): Failed to open stream: HTTP request failed! HTTP/1.1 429 Too Many Requests
 in /www/wwwroot/watrbx.xyz/routes/webhandler.php:58
Stack trace:
#0 [internal function]: {closure}()
#1 /www/wwwroot/watrbx.xyz/routes/webhandler.php(58): file_get_contents()
#2 [internal function]: watrlabs\router\Routing->{closure}()
#3 /www/wwwroot/watrbx.xyz/classes/watrlabs/router/routing.php(159): call_user_func()
#4 /www/wwwroot/watrbx.xyz/public/index.php(84): watrlabs\router\Routing->dispatch()
#5 {main}

ErrorException: file_get_contents(https://thumbnails.roblox.com/v1/assets?assetIds=85372002&amp;format=PNG&amp;size=512x512): Failed to open stream: HTTP request failed! HTTP/1.1 429 Too Many Requests
 in /www/wwwroot/watrbx.xyz/routes/webhandler.php:58
Stack trace:
#0 [internal function]: {closure}()
#1 /www/wwwroot/watrbx.xyz/routes/webhandler.php(58): file_get_contents()
#2 [internal function]: watrlabs\router\Routing->{closure}()
#3 /www/wwwroot/watrbx.xyz/classes/watrlabs/router/routing.php(159): call_user_func()
#4 /www/wwwroot/watrbx.xyz/public/index.php(84): watrlabs\router\Routing->dispatch()
#5 {main}

ErrorException: file_get_contents(https://thumbnails.roblox.com/v1/assets?assetIds=81352305&amp;format=PNG&amp;size=512x512): Failed to open stream: HTTP request failed! HTTP/1.1 429 Too Many Requests
 in /www/wwwroot/watrbx.xyz/routes/webhandler.php:58
Stack trace:
#0 [internal function]: {closure}()
#1 /www/wwwroot/watrbx.xyz/routes/webhandler.php(58): file_get_contents()
#2 [internal function]: watrlabs\router\Routing->{closure}()
#3 /www/wwwroot/watrbx.xyz/classes/watrlabs/router/routing.php(159): call_user_func()
#4 /www/wwwroot/watrbx.xyz/public/index.php(84): watrlabs\router\Routing->dispatch()
#5 {main}

ErrorException: file_get_contents(https://thumbnails.roblox.com/v1/assets?assetIds=85372002&amp;format=PNG&amp;size=512x512): Failed to open stream: HTTP request failed! HTTP/1.1 429 Too Many Requests
 in /www/wwwroot/watrbx.xyz/routes/webhandler.php:58
Stack trace:
#0 [internal function]: {closure}()
#1 /www/wwwroot/watrbx.xyz/routes/webhandler.php(58): file_get_contents()
#2 [internal function]: watrlabs\router\Routing->{closure}()
#3 /www/wwwroot/watrbx.xyz/classes/watrlabs/router/routing.php(159): call_user_func()
#4 /www/wwwroot/watrbx.xyz/public/index.php(84): watrlabs\router\Routing->dispatch()
#5 {main}

ErrorException: file_get_contents(https://thumbnails.roblox.com/v1/assets?assetids=140127298&amp;size=420x420&amp;format=Png&amp;isCircular=false): Failed to open stream: HTTP request failed! HTTP/1.1 429 Too Many Requests
 in /www/wwwroot/watrbx.xyz/routes/clienthandler.php:81
Stack trace:
#0 [internal function]: {closure}()
#1 /www/wwwroot/watrbx.xyz/routes/clienthandler.php(81): file_get_contents()
#2 [internal function]: watrlabs\router\Routing->{closure}()
#3 /www/wwwroot/watrbx.xyz/classes/watrlabs/router/routing.php(159): call_user_func()
#4 /www/wwwroot/watrbx.xyz/public/index.php(84): watrlabs\router\Routing->dispatch()
#5 {main}

ErrorException: file_get_contents(https://thumbnails.roblox.com/v1/assets?assetids=141535417&amp;size=420x420&amp;format=Png&amp;isCircular=false): Failed to open stream: HTTP request failed! HTTP/1.1 429 Too Many Requests
 in /www/wwwroot/watrbx.xyz/routes/clienthandler.php:81
Stack trace:
#0 [internal function]: {closure}()
#1 /www/wwwroot/watrbx.xyz/routes/clienthandler.php(81): file_get_contents()
#2 [internal function]: watrlabs\router\Routing->{closure}()
#3 /www/wwwroot/watrbx.xyz/classes/watrlabs/router/routing.php(159): call_user_func()
#4 /www/wwwroot/watrbx.xyz/public/index.php(84): watrlabs\router\Routing->dispatch()
#5 {main}

ErrorException: file_get_contents(https://thumbnails.roblox.com/v1/assets?assetids=142751224&amp;size=420x420&amp;format=Png&amp;isCircular=false): Failed to open stream: HTTP request failed! HTTP/1.1 429 Too Many Requests
 in /www/wwwroot/watrbx.xyz/routes/clienthandler.php:81
Stack trace:
#0 [internal function]: {closure}()
#1 /www/wwwroot/watrbx.xyz/routes/clienthandler.php(81): file_get_contents()
#2 [internal function]: watrlabs\router\Routing->{closure}()
#3 /www/wwwroot/watrbx.xyz/classes/watrlabs/router/routing.php(159): call_user_func()
#4 /www/wwwroot/watrbx.xyz/public/index.php(84): watrlabs\router\Routing->dispatch()
#5 {main}

ErrorException: file_get_contents(https://thumbnails.roblox.com/v1/assets?assetids=140191658&amp;size=420x420&amp;format=Png&amp;isCircular=false): Failed to open stream: HTTP request failed! HTTP/1.1 429 Too Many Requests
 in /www/wwwroot/watrbx.xyz/routes/clienthandler.php:81
Stack trace:
#0 [internal function]: {closure}()
#1 /www/wwwroot/watrbx.xyz/routes/clienthandler.php(81): file_get_contents()
#2 [internal function]: watrlabs\router\Routing->{closure}()
#3 /www/wwwroot/watrbx.xyz/classes/watrlabs/router/routing.php(159): call_user_func()
#4 /www/wwwroot/watrbx.xyz/public/index.php(84): watrlabs\router\Routing->dispatch()
#5 {main}

ErrorException: file_get_contents(https://thumbnails.roblox.com/v1/assets?assetids=142988390&amp;size=420x420&amp;format=Png&amp;isCircular=false): Failed to open stream: HTTP request failed! HTTP/1.1 429 Too Many Requests
 in /www/wwwroot/watrbx.xyz/routes/clienthandler.php:81
Stack trace:
#0 [internal function]: {closure}()
#1 /www/wwwroot/watrbx.xyz/routes/clienthandler.php(81): file_get_contents()
#2 [internal function]: watrlabs\router\Routing->{closure}()
#3 /www/wwwroot/watrbx.xyz/classes/watrlabs/router/routing.php(159): call_user_func()
#4 /www/wwwroot/watrbx.xyz/public/index.php(84): watrlabs\router\Routing->dispatch()
#5 {main}

ErrorException: file_get_contents(https://thumbnails.roblox.com/v1/assets?assetids=142981503&amp;size=420x420&amp;format=Png&amp;isCircular=false): Failed to open stream: HTTP request failed! HTTP/1.1 429 Too Many Requests
 in /www/wwwroot/watrbx.xyz/routes/clienthandler.php:81
Stack trace:
#0 [internal function]: {closure}()
#1 /www/wwwroot/watrbx.xyz/routes/clienthandler.php(81): file_get_contents()
#2 [internal function]: watrlabs\router\Routing->{closure}()
#3 /www/wwwroot/watrbx.xyz/classes/watrlabs/router/routing.php(159): call_user_func()
#4 /www/wwwroot/watrbx.xyz/public/index.php(84): watrlabs\router\Routing->dispatch()
#5 {main}

ErrorException: file_get_contents(https://thumbnails.roblox.com/v1/assets?assetids=140127298&amp;size=420x420&amp;format=Png&amp;isCircular=false): Failed to open stream: HTTP request failed! HTTP/1.1 429 Too Many Requests
 in /www/wwwroot/watrbx.xyz/routes/clienthandler.php:81
Stack trace:
#0 [internal function]: {closure}()
#1 /www/wwwroot/watrbx.xyz/routes/clienthandler.php(81): file_get_contents()
#2 [internal function]: watrlabs\router\Routing->{closure}()
#3 /www/wwwroot/watrbx.xyz/classes/watrlabs/router/routing.php(159): call_user_func()
#4 /www/wwwroot/watrbx.xyz/public/index.php(84): watrlabs\router\Routing->dispatch()
#5 {main}

ErrorException: file_get_contents(https://thumbnails.roblox.com/v1/assets?assetids=141535417&amp;size=420x420&amp;format=Png&amp;isCircular=false): Failed to open stream: HTTP request failed! HTTP/1.1 429 Too Many Requests
 in /www/wwwroot/watrbx.xyz/routes/clienthandler.php:81
Stack trace:
#0 [internal function]: {closure}()
#1 /www/wwwroot/watrbx.xyz/routes/clienthandler.php(81): file_get_contents()
#2 [internal function]: watrlabs\router\Routing->{closure}()
#3 /www/wwwroot/watrbx.xyz/classes/watrlabs/router/routing.php(159): call_user_func()
#4 /www/wwwroot/watrbx.xyz/public/index.php(84): watrlabs\router\Routing->dispatch()
#5 {main}

ErrorException: file_get_contents(https://thumbnails.roblox.com/v1/assets?assetids=142981160&amp;size=420x420&amp;format=Png&amp;isCircular=false): Failed to open stream: HTTP request failed! HTTP/1.1 429 Too Many Requests
 in /www/wwwroot/watrbx.xyz/routes/clienthandler.php:81
Stack trace:
#0 [internal function]: {closure}()
#1 /www/wwwroot/watrbx.xyz/routes/clienthandler.php(81): file_get_contents()
#2 [internal function]: watrlabs\router\Routing->{closure}()
#3 /www/wwwroot/watrbx.xyz/classes/watrlabs/router/routing.php(159): call_user_func()
#4 /www/wwwroot/watrbx.xyz/public/index.php(84): watrlabs\router\Routing->dispatch()
#5 {main}

ErrorException: file_get_contents(https://thumbnails.roblox.com/v1/assets?assetids=140191658&amp;size=420x420&amp;format=Png&amp;isCircular=false): Failed to open stream: HTTP request failed! HTTP/1.1 429 Too Many Requests
 in /www/wwwroot/watrbx.xyz/routes/clienthandler.php:81
Stack trace:
#0 [internal function]: {closure}()
#1 /www/wwwroot/watrbx.xyz/routes/clienthandler.php(81): file_get_contents()
#2 [internal function]: watrlabs\router\Routing->{closure}()
#3 /www/wwwroot/watrbx.xyz/classes/watrlabs/router/routing.php(159): call_user_func()
#4 /www/wwwroot/watrbx.xyz/public/index.php(84): watrlabs\router\Routing->dispatch()
#5 {main}

ErrorException: file_get_contents(https://thumbnails.roblox.com/v1/assets?assetids=142988390&amp;size=420x420&amp;format=Png&amp;isCircular=false): Failed to open stream: HTTP request failed! HTTP/1.1 429 Too Many Requests
 in /www/wwwroot/watrbx.xyz/routes/clienthandler.php:81
Stack trace:
#0 [internal function]: {closure}()
#1 /www/wwwroot/watrbx.xyz/routes/clienthandler.php(81): file_get_contents()
#2 [internal function]: watrlabs\router\Routing->{closure}()
#3 /www/wwwroot/watrbx.xyz/classes/watrlabs/router/routing.php(159): call_user_func()
#4 /www/wwwroot/watrbx.xyz/public/index.php(84): watrlabs\router\Routing->dispatch()
#5 {main}

ErrorException: file_get_contents(https://thumbnails.roblox.com/v1/assets?assetids=142751224&amp;size=420x420&amp;format=Png&amp;isCircular=false): Failed to open stream: HTTP request failed! HTTP/1.1 429 Too Many Requests
 in /www/wwwroot/watrbx.xyz/routes/clienthandler.php:81
Stack trace:
#0 [internal function]: {closure}()
#1 /www/wwwroot/watrbx.xyz/routes/clienthandler.php(81): file_get_contents()
#2 [internal function]: watrlabs\router\Routing->{closure}()
#3 /www/wwwroot/watrbx.xyz/classes/watrlabs/router/routing.php(159): call_user_func()
#4 /www/wwwroot/watrbx.xyz/public/index.php(84): watrlabs\router\Routing->dispatch()
#5 {main}

ErrorException: file_get_contents(https://thumbnails.roblox.com/v1/assets?assetids=142981169&amp;size=420x420&amp;format=Png&amp;isCircular=false): Failed to open stream: HTTP request failed! HTTP/1.1 429 Too Many Requests
 in /www/wwwroot/watrbx.xyz/routes/clienthandler.php:81
Stack trace:
#0 [internal function]: {closure}()
#1 /www/wwwroot/watrbx.xyz/routes/clienthandler.php(81): file_get_contents()
#2 [internal function]: watrlabs\router\Routing->{closure}()
#3 /www/wwwroot/watrbx.xyz/classes/watrlabs/router/routing.php(159): call_user_func()
#4 /www/wwwroot/watrbx.xyz/public/index.php(84): watrlabs\router\Routing->dispatch()
#5 {main}

ErrorException: file_get_contents(https://thumbnails.roblox.com/v1/assets?assetids=141561887&amp;size=420x420&amp;format=Png&amp;isCircular=false): Failed to open stream: HTTP request failed! HTTP/1.1 429 Too Many Requests
 in /www/wwwroot/watrbx.xyz/routes/clienthandler.php:81
Stack trace:
#0 [internal function]: {closure}()
#1 /www/wwwroot/watrbx.xyz/routes/clienthandler.php(81): file_get_contents()
#2 [internal function]: watrlabs\router\Routing->{closure}()
#3 /www/wwwroot/watrbx.xyz/classes/watrlabs/router/routing.php(159): call_user_func()
#4 /www/wwwroot/watrbx.xyz/public/index.php(84): watrlabs\router\Routing->dispatch()
#5 {main}

ErrorException: file_get_contents(https://thumbnails.roblox.com/v1/assets?assetids=142981503&amp;size=420x420&amp;format=Png&amp;isCircular=false): Failed to open stream: HTTP request failed! HTTP/1.1 429 Too Many Requests
 in /www/wwwroot/watrbx.xyz/routes/clienthandler.php:81
Stack trace:
#0 [internal function]: {closure}()
#1 /www/wwwroot/watrbx.xyz/routes/clienthandler.php(81): file_get_contents()
#2 [internal function]: watrlabs\router\Routing->{closure}()
#3 /www/wwwroot/watrbx.xyz/classes/watrlabs/router/routing.php(159): call_user_func()
#4 /www/wwwroot/watrbx.xyz/public/index.php(84): watrlabs\router\Routing->dispatch()
#5 {main}

ErrorException: file_get_contents(https://thumbnails.roblox.com/v1/assets?assetids=142981160&amp;size=420x420&amp;format=Png&amp;isCircular=false): Failed to open stream: HTTP request failed! HTTP/1.1 429 Too Many Requests
 in /www/wwwroot/watrbx.xyz/routes/clienthandler.php:81
Stack trace:
#0 [internal function]: {closure}()
#1 /www/wwwroot/watrbx.xyz/routes/clienthandler.php(81): file_get_contents()
#2 [internal function]: watrlabs\router\Routing->{closure}()
#3 /www/wwwroot/watrbx.xyz/classes/watrlabs/router/routing.php(159): call_user_func()
#4 /www/wwwroot/watrbx.xyz/public/index.php(84): watrlabs\router\Routing->dispatch()
#5 {main}

ErrorException: Undefined array key "aid" in /www/wwwroot/watrbx.xyz/routes/clienthandler.php:79
Stack trace:
#0 /www/wwwroot/watrbx.xyz/routes/clienthandler.php(79): {closure}()
#1 [internal function]: watrlabs\router\Routing->{closure}()
#2 /www/wwwroot/watrbx.xyz/classes/watrlabs/router/routing.php(159): call_user_func()
#3 /www/wwwroot/watrbx.xyz/public/index.php(84): watrlabs\router\Routing->dispatch()
#4 {main}

ErrorException: file_get_contents(https://thumbnails.roblox.com/v1/assets?assetids=142981169&amp;size=420x420&amp;format=Png&amp;isCircular=false): Failed to open stream: HTTP request failed! HTTP/1.1 429 Too Many Requests
 in /www/wwwroot/watrbx.xyz/routes/clienthandler.php:81
Stack trace:
#0 [internal function]: {closure}()
#1 /www/wwwroot/watrbx.xyz/routes/clienthandler.php(81): file_get_contents()
#2 [internal function]: watrlabs\router\Routing->{closure}()
#3 /www/wwwroot/watrbx.xyz/classes/watrlabs/router/routing.php(159): call_user_func()
#4 /www/wwwroot/watrbx.xyz/public/index.php(84): watrlabs\router\Routing->dispatch()
#5 {main}

ErrorException: file_get_contents(https://thumbnails.roblox.com/v1/assets?assetids=141561887&amp;size=420x420&amp;format=Png&amp;isCircular=false): Failed to open stream: HTTP request failed! HTTP/1.1 429 Too Many Requests
 in /www/wwwroot/watrbx.xyz/routes/clienthandler.php:81
Stack trace:
#0 [internal function]: {closure}()
#1 /www/wwwroot/watrbx.xyz/routes/clienthandler.php(81): file_get_contents()
#2 [internal function]: watrlabs\router\Routing->{closure}()
#3 /www/wwwroot/watrbx.xyz/classes/watrlabs/router/routing.php(159): call_user_func()
#4 /www/wwwroot/watrbx.xyz/public/index.php(84): watrlabs\router\Routing->dispatch()
#5 {main}

ErrorException: Undefined array key "aid" in /www/wwwroot/watrbx.xyz/routes/clienthandler.php:79
Stack trace:
#0 /www/wwwroot/watrbx.xyz/routes/clienthandler.php(79): {closure}()
#1 [internal function]: watrlabs\router\Routing->{closure}()
#2 /www/wwwroot/watrbx.xyz/classes/watrlabs/router/routing.php(159): call_user_func()
#3 /www/wwwroot/watrbx.xyz/public/index.php(84): watrlabs\router\Routing->dispatch()
#4 {main}

ErrorException: Attempt to read property "id" on null in /www/wwwroot/watrbx.xyz/views/item.php:13
Stack trace:
#0 /www/wwwroot/watrbx.xyz/views/item.php(13): {closure}()
#1 /www/wwwroot/watrbx.xyz/classes/watrlabs/watrkit/pagebuilder.php(66): require('...')
#2 /www/wwwroot/watrbx.xyz/routes/webhandler.php(181): watrlabs\watrkit\pagebuilder::get_template()
#3 [internal function]: watrlabs\router\Routing->{closure}()
#4 /www/wwwroot/watrbx.xyz/classes/watrlabs/router/routing.php(168): call_user_func_array()
#5 /www/wwwroot/watrbx.xyz/public/index.php(84): watrlabs\router\Routing->dispatch()
#6 {main}

ErrorException: Attempt to read property "id" on null in /www/wwwroot/watrbx.xyz/views/item.php:13
Stack trace:
#0 /www/wwwroot/watrbx.xyz/views/item.php(13): {closure}()
#1 /www/wwwroot/watrbx.xyz/classes/watrlabs/watrkit/pagebuilder.php(66): require('...')
#2 /www/wwwroot/watrbx.xyz/routes/webhandler.php(181): watrlabs\watrkit\pagebuilder::get_template()
#3 [internal function]: watrlabs\router\Routing->{closure}()
#4 /www/wwwroot/watrbx.xyz/classes/watrlabs/router/routing.php(168): call_user_func_array()
#5 /www/wwwroot/watrbx.xyz/public/index.php(84): watrlabs\router\Routing->dispatch()
#6 {main}

ErrorException: Attempt to read property "id" on null in /www/wwwroot/watrbx.xyz/views/item.php:13
Stack trace:
#0 /www/wwwroot/watrbx.xyz/views/item.php(13): {closure}()
#1 /www/wwwroot/watrbx.xyz/classes/watrlabs/watrkit/pagebuilder.php(66): require('...')
#2 /www/wwwroot/watrbx.xyz/routes/webhandler.php(181): watrlabs\watrkit\pagebuilder::get_template()
#3 [internal function]: watrlabs\router\Routing->{closure}()
#4 /www/wwwroot/watrbx.xyz/classes/watrlabs/router/routing.php(168): call_user_func_array()
#5 /www/wwwroot/watrbx.xyz/public/index.php(84): watrlabs\router\Routing->dispatch()
#6 {main}

ErrorException: Attempt to read property "id" on null in /www/wwwroot/watrbx.xyz/views/item.php:13
Stack trace:
#0 /www/wwwroot/watrbx.xyz/views/item.php(13): {closure}()
#1 /www/wwwroot/watrbx.xyz/classes/watrlabs/watrkit/pagebuilder.php(66): require('...')
#2 /www/wwwroot/watrbx.xyz/routes/webhandler.php(181): watrlabs\watrkit\pagebuilder::get_template()
#3 [internal function]: watrlabs\router\Routing->{closure}()
#4 /www/wwwroot/watrbx.xyz/classes/watrlabs/router/routing.php(168): call_user_func_array()
#5 /www/wwwroot/watrbx.xyz/public/index.php(84): watrlabs\router\Routing->dispatch()
#6 {main}

ErrorException: Attempt to read property "id" on null in /www/wwwroot/watrbx.xyz/views/item.php:13
Stack trace:
#0 /www/wwwroot/watrbx.xyz/views/item.php(13): {closure}()
#1 /www/wwwroot/watrbx.xyz/classes/watrlabs/watrkit/pagebuilder.php(66): require('...')
#2 /www/wwwroot/watrbx.xyz/routes/webhandler.php(181): watrlabs\watrkit\pagebuilder::get_template()
#3 [internal function]: watrlabs\router\Routing->{closure}()
#4 /www/wwwroot/watrbx.xyz/classes/watrlabs/router/routing.php(168): call_user_func_array()
#5 /www/wwwroot/watrbx.xyz/public/index.php(84): watrlabs\router\Routing->dispatch()
#6 {main}

ErrorException: Attempt to read property "id" on null in /www/wwwroot/watrbx.xyz/views/item.php:13
Stack trace:
#0 /www/wwwroot/watrbx.xyz/views/item.php(13): {closure}()
#1 /www/wwwroot/watrbx.xyz/classes/watrlabs/watrkit/pagebuilder.php(66): require('...')
#2 /www/wwwroot/watrbx.xyz/routes/webhandler.php(181): watrlabs\watrkit\pagebuilder::get_template()
#3 [internal function]: watrlabs\router\Routing->{closure}()
#4 /www/wwwroot/watrbx.xyz/classes/watrlabs/router/routing.php(168): call_user_func_array()
#5 /www/wwwroot/watrbx.xyz/public/index.php(84): watrlabs\router\Routing->dispatch()
#6 {main}

ErrorException: Attempt to read property "id" on null in /www/wwwroot/watrbx.xyz/views/item.php:13
Stack trace:
#0 /www/wwwroot/watrbx.xyz/views/item.php(13): {closure}()
#1 /www/wwwroot/watrbx.xyz/classes/watrlabs/watrkit/pagebuilder.php(66): require('...')
#2 /www/wwwroot/watrbx.xyz/routes/webhandler.php(181): watrlabs\watrkit\pagebuilder::get_template()
#3 [internal function]: watrlabs\router\Routing->{closure}()
#4 /www/wwwroot/watrbx.xyz/classes/watrlabs/router/routing.php(168): call_user_func_array()
#5 /www/wwwroot/watrbx.xyz/public/index.php(84): watrlabs\router\Routing->dispatch()
#6 {main}

ErrorException: Attempt to read property "id" on null in /www/wwwroot/watrbx.xyz/views/item.php:13
Stack trace:
#0 /www/wwwroot/watrbx.xyz/views/item.php(13): {closure}()
#1 /www/wwwroot/watrbx.xyz/classes/watrlabs/watrkit/pagebuilder.php(66): require('...')
#2 /www/wwwroot/watrbx.xyz/routes/webhandler.php(181): watrlabs\watrkit\pagebuilder::get_template()
#3 [internal function]: watrlabs\router\Routing->{closure}()
#4 /www/wwwroot/watrbx.xyz/classes/watrlabs/router/routing.php(168): call_user_func_array()
#5 /www/wwwroot/watrbx.xyz/public/index.php(84): watrlabs\router\Routing->dispatch()
#6 {main}

ErrorException: Attempt to read property "id" on null in /www/wwwroot/watrbx.xyz/views/item.php:13
Stack trace:
#0 /www/wwwroot/watrbx.xyz/views/item.php(13): {closure}()
#1 /www/wwwroot/watrbx.xyz/classes/watrlabs/watrkit/pagebuilder.php(66): require('...')
#2 /www/wwwroot/watrbx.xyz/routes/webhandler.php(181): watrlabs\watrkit\pagebuilder::get_template()
#3 [internal function]: watrlabs\router\Routing->{closure}()
#4 /www/wwwroot/watrbx.xyz/classes/watrlabs/router/routing.php(168): call_user_func_array()
#5 /www/wwwroot/watrbx.xyz/public/index.php(84): watrlabs\router\Routing->dispatch()
#6 {main}

ErrorException: Attempt to read property "id" on null in /www/wwwroot/watrbx.xyz/views/item.php:13
Stack trace:
#0 /www/wwwroot/watrbx.xyz/views/item.php(13): {closure}()
#1 /www/wwwroot/watrbx.xyz/classes/watrlabs/watrkit/pagebuilder.php(66): require('...')
#2 /www/wwwroot/watrbx.xyz/routes/webhandler.php(181): watrlabs\watrkit\pagebuilder::get_template()
#3 [internal function]: watrlabs\router\Routing->{closure}()
#4 /www/wwwroot/watrbx.xyz/classes/watrlabs/router/routing.php(168): call_user_func_array()
#5 /www/wwwroot/watrbx.xyz/public/index.php(84): watrlabs\router\Routing->dispatch()
#6 {main}

ErrorException: Attempt to read property "id" on null in /www/wwwroot/watrbx.xyz/views/item.php:13
Stack trace:
#0 /www/wwwroot/watrbx.xyz/views/item.php(13): {closure}()
#1 /www/wwwroot/watrbx.xyz/classes/watrlabs/watrkit/pagebuilder.php(66): require('...')
#2 /www/wwwroot/watrbx.xyz/routes/webhandler.php(181): watrlabs\watrkit\pagebuilder::get_template()
#3 [internal function]: watrlabs\router\Routing->{closure}()
#4 /www/wwwroot/watrbx.xyz/classes/watrlabs/router/routing.php(168): call_user_func_array()
#5 /www/wwwroot/watrbx.xyz/public/index.php(84): watrlabs\router\Routing->dispatch()
#6 {main}

ErrorException: Attempt to read property "id" on null in /www/wwwroot/watrbx.xyz/views/item.php:13
Stack trace:
#0 /www/wwwroot/watrbx.xyz/views/item.php(13): {closure}()
#1 /www/wwwroot/watrbx.xyz/classes/watrlabs/watrkit/pagebuilder.php(66): require('...')
#2 /www/wwwroot/watrbx.xyz/routes/webhandler.php(181): watrlabs\watrkit\pagebuilder::get_template()
#3 [internal function]: watrlabs\router\Routing->{closure}()
#4 /www/wwwroot/watrbx.xyz/classes/watrlabs/router/routing.php(168): call_user_func_array()
#5 /www/wwwroot/watrbx.xyz/public/index.php(84): watrlabs\router\Routing->dispatch()
#6 {main}

ErrorException: Attempt to read property "id" on null in /www/wwwroot/watrbx.xyz/views/item.php:13
Stack trace:
#0 /www/wwwroot/watrbx.xyz/views/item.php(13): {closure}()
#1 /www/wwwroot/watrbx.xyz/classes/watrlabs/watrkit/pagebuilder.php(66): require('...')
#2 /www/wwwroot/watrbx.xyz/routes/webhandler.php(181): watrlabs\watrkit\pagebuilder::get_template()
#3 [internal function]: watrlabs\router\Routing->{closure}()
#4 /www/wwwroot/watrbx.xyz/classes/watrlabs/router/routing.php(168): call_user_func_array()
#5 /www/wwwroot/watrbx.xyz/public/index.php(84): watrlabs\router\Routing->dispatch()
#6 {main}

ErrorException: Attempt to read property "id" on null in /www/wwwroot/watrbx.xyz/views/item.php:13
Stack trace:
#0 /www/wwwroot/watrbx.xyz/views/item.php(13): {closure}()
#1 /www/wwwroot/watrbx.xyz/classes/watrlabs/watrkit/pagebuilder.php(66): require('...')
#2 /www/wwwroot/watrbx.xyz/routes/webhandler.php(181): watrlabs\watrkit\pagebuilder::get_template()
#3 [internal function]: watrlabs\router\Routing->{closure}()
#4 /www/wwwroot/watrbx.xyz/classes/watrlabs/router/routing.php(168): call_user_func_array()
#5 /www/wwwroot/watrbx.xyz/public/index.php(84): watrlabs\router\Routing->dispatch()
#6 {main}

ErrorException: file_get_contents(https://thumbnails.roblox.com/v1/assets?assetIds=85372002&amp;format=PNG&amp;size=512x512): Failed to open stream: HTTP request failed! HTTP/1.1 429 Too Many Requests
 in /www/wwwroot/watrbx.xyz/routes/webhandler.php:58
Stack trace:
#0 [internal function]: {closure}()
#1 /www/wwwroot/watrbx.xyz/routes/webhandler.php(58): file_get_contents()
#2 [internal function]: watrlabs\router\Routing->{closure}()
#3 /www/wwwroot/watrbx.xyz/classes/watrlabs/router/routing.php(159): call_user_func()
#4 /www/wwwroot/watrbx.xyz/public/index.php(84): watrlabs\router\Routing->dispatch()
#5 {main}

ErrorException: file_get_contents(https://thumbnails.roblox.com/v1/assets?assetIds=85372002&amp;format=PNG&amp;size=512x512): Failed to open stream: HTTP request failed! HTTP/1.1 429 Too Many Requests
 in /www/wwwroot/watrbx.xyz/routes/webhandler.php:58
Stack trace:
#0 [internal function]: {closure}()
#1 /www/wwwroot/watrbx.xyz/routes/webhandler.php(58): file_get_contents()
#2 [internal function]: watrlabs\router\Routing->{closure}()
#3 /www/wwwroot/watrbx.xyz/classes/watrlabs/router/routing.php(159): call_user_func()
#4 /www/wwwroot/watrbx.xyz/public/index.php(84): watrlabs\router\Routing->dispatch()
#5 {main}

ErrorException: Attempt to read property "id" on null in /www/wwwroot/watrbx.xyz/views/item.php:13
Stack trace:
#0 /www/wwwroot/watrbx.xyz/views/item.php(13): {closure}()
#1 /www/wwwroot/watrbx.xyz/classes/watrlabs/watrkit/pagebuilder.php(66): require('...')
#2 /www/wwwroot/watrbx.xyz/routes/webhandler.php(181): watrlabs\watrkit\pagebuilder::get_template()
#3 [internal function]: watrlabs\router\Routing->{closure}()
#4 /www/wwwroot/watrbx.xyz/classes/watrlabs/router/routing.php(168): call_user_func_array()
#5 /www/wwwroot/watrbx.xyz/public/index.php(84): watrlabs\router\Routing->dispatch()
#6 {main}

ErrorException: file_get_contents(https://thumbnails.roblox.com/v1/assets?assetIds=168541857&amp;format=PNG&amp;size=512x512): Failed to open stream: HTTP request failed! HTTP/1.1 429 Too Many Requests
 in /www/wwwroot/watrbx.xyz/routes/webhandler.php:58
Stack trace:
#0 [internal function]: {closure}()
#1 /www/wwwroot/watrbx.xyz/routes/webhandler.php(58): file_get_contents()
#2 [internal function]: watrlabs\router\Routing->{closure}()
#3 /www/wwwroot/watrbx.xyz/classes/watrlabs/router/routing.php(159): call_user_func()
#4 /www/wwwroot/watrbx.xyz/public/index.php(84): watrlabs\router\Routing->dispatch()
#5 {main}

ErrorException: file_get_contents(https://thumbnails.roblox.com/v1/assets?assetIds=168540808&amp;format=PNG&amp;size=512x512): Failed to open stream: HTTP request failed! HTTP/1.1 429 Too Many Requests
 in /www/wwwroot/watrbx.xyz/routes/webhandler.php:58
Stack trace:
#0 [internal function]: {closure}()
#1 /www/wwwroot/watrbx.xyz/routes/webhandler.php(58): file_get_contents()
#2 [internal function]: watrlabs\router\Routing->{closure}()
#3 /www/wwwroot/watrbx.xyz/classes/watrlabs/router/routing.php(159): call_user_func()
#4 /www/wwwroot/watrbx.xyz/public/index.php(84): watrlabs\router\Routing->dispatch()
#5 {main}

ErrorException: file_get_contents(https://thumbnails.roblox.com/v1/assets?assetIds=168541778&amp;format=PNG&amp;size=512x512): Failed to open stream: HTTP request failed! HTTP/1.1 429 Too Many Requests
 in /www/wwwroot/watrbx.xyz/routes/webhandler.php:58
Stack trace:
#0 [internal function]: {closure}()
#1 /www/wwwroot/watrbx.xyz/routes/webhandler.php(58): file_get_contents()
#2 [internal function]: watrlabs\router\Routing->{closure}()
#3 /www/wwwroot/watrbx.xyz/classes/watrlabs/router/routing.php(159): call_user_func()
#4 /www/wwwroot/watrbx.xyz/public/index.php(84): watrlabs\router\Routing->dispatch()
#5 {main}

ErrorException: file_get_contents(https://thumbnails.roblox.com/v1/assets?assetIds=168541857&amp;format=PNG&amp;size=512x512): Failed to open stream: HTTP request failed! HTTP/1.1 429 Too Many Requests
 in /www/wwwroot/watrbx.xyz/routes/webhandler.php:58
Stack trace:
#0 [internal function]: {closure}()
#1 /www/wwwroot/watrbx.xyz/routes/webhandler.php(58): file_get_contents()
#2 [internal function]: watrlabs\router\Routing->{closure}()
#3 /www/wwwroot/watrbx.xyz/classes/watrlabs/router/routing.php(159): call_user_func()
#4 /www/wwwroot/watrbx.xyz/public/index.php(84): watrlabs\router\Routing->dispatch()
#5 {main}

ErrorException: file_get_contents(https://thumbnails.roblox.com/v1/assets?assetIds=168540808&amp;format=PNG&amp;size=512x512): Failed to open stream: HTTP request failed! HTTP/1.1 429 Too Many Requests
 in /www/wwwroot/watrbx.xyz/routes/webhandler.php:58
Stack trace:
#0 [internal function]: {closure}()
#1 /www/wwwroot/watrbx.xyz/routes/webhandler.php(58): file_get_contents()
#2 [internal function]: watrlabs\router\Routing->{closure}()
#3 /www/wwwroot/watrbx.xyz/classes/watrlabs/router/routing.php(159): call_user_func()
#4 /www/wwwroot/watrbx.xyz/public/index.php(84): watrlabs\router\Routing->dispatch()
#5 {main}

ErrorException: file_get_contents(https://thumbnails.roblox.com/v1/assets?assetIds=168541778&amp;format=PNG&amp;size=512x512): Failed to open stream: HTTP request failed! HTTP/1.1 429 Too Many Requests
 in /www/wwwroot/watrbx.xyz/routes/webhandler.php:58
Stack trace:
#0 [internal function]: {closure}()
#1 /www/wwwroot/watrbx.xyz/routes/webhandler.php(58): file_get_contents()
#2 [internal function]: watrlabs\router\Routing->{closure}()
#3 /www/wwwroot/watrbx.xyz/classes/watrlabs/router/routing.php(159): call_user_func()
#4 /www/wwwroot/watrbx.xyz/public/index.php(84): watrlabs\router\Routing->dispatch()
#5 {main}

ErrorException: file_get_contents(https://thumbnails.roblox.com/v1/assets?assetIds=81352305&amp;format=PNG&amp;size=512x512): Failed to open stream: HTTP request failed! HTTP/1.1 429 Too Many Requests
 in /www/wwwroot/watrbx.xyz/routes/webhandler.php:58
Stack trace:
#0 [internal function]: {closure}()
#1 /www/wwwroot/watrbx.xyz/routes/webhandler.php(58): file_get_contents()
#2 [internal function]: watrlabs\router\Routing->{closure}()
#3 /www/wwwroot/watrbx.xyz/classes/watrlabs/router/routing.php(159): call_user_func()
#4 /www/wwwroot/watrbx.xyz/public/index.php(84): watrlabs\router\Routing->dispatch()
#5 {main}

ErrorException: file_get_contents(https://thumbnails.roblox.com/v1/assets?assetIds=81352305&amp;format=PNG&amp;size=512x512): Failed to open stream: HTTP request failed! HTTP/1.1 429 Too Many Requests
 in /www/wwwroot/watrbx.xyz/routes/webhandler.php:58
Stack trace:
#0 [internal function]: {closure}()
#1 /www/wwwroot/watrbx.xyz/routes/webhandler.php(58): file_get_contents()
#2 [internal function]: watrlabs\router\Routing->{closure}()
#3 /www/wwwroot/watrbx.xyz/classes/watrlabs/router/routing.php(159): call_user_func()
#4 /www/wwwroot/watrbx.xyz/public/index.php(84): watrlabs\router\Routing->dispatch()
#5 {main}

ErrorException: Attempt to read property "id" on null in /www/wwwroot/watrbx.xyz/views/item.php:13
Stack trace:
#0 /www/wwwroot/watrbx.xyz/views/item.php(13): {closure}()
#1 /www/wwwroot/watrbx.xyz/classes/watrlabs/watrkit/pagebuilder.php(66): require('...')
#2 /www/wwwroot/watrbx.xyz/routes/webhandler.php(181): watrlabs\watrkit\pagebuilder::get_template()
#3 [internal function]: watrlabs\router\Routing->{closure}()
#4 /www/wwwroot/watrbx.xyz/classes/watrlabs/router/routing.php(168): call_user_func_array()
#5 /www/wwwroot/watrbx.xyz/public/index.php(84): watrlabs\router\Routing->dispatch()
#6 {main}

ErrorException: Attempt to read property "id" on null in /www/wwwroot/watrbx.xyz/views/item.php:13
Stack trace:
#0 /www/wwwroot/watrbx.xyz/views/item.php(13): {closure}()
#1 /www/wwwroot/watrbx.xyz/classes/watrlabs/watrkit/pagebuilder.php(66): require('...')
#2 /www/wwwroot/watrbx.xyz/routes/webhandler.php(181): watrlabs\watrkit\pagebuilder::get_template()
#3 [internal function]: watrlabs\router\Routing->{closure}()
#4 /www/wwwroot/watrbx.xyz/classes/watrlabs/router/routing.php(168): call_user_func_array()
#5 /www/wwwroot/watrbx.xyz/public/index.php(84): watrlabs\router\Routing->dispatch()
#6 {main}

ErrorException: Attempt to read property "id" on null in /www/wwwroot/watrbx.xyz/views/item.php:13
Stack trace:
#0 /www/wwwroot/watrbx.xyz/views/item.php(13): {closure}()
#1 /www/wwwroot/watrbx.xyz/classes/watrlabs/watrkit/pagebuilder.php(66): require('...')
#2 /www/wwwroot/watrbx.xyz/routes/webhandler.php(181): watrlabs\watrkit\pagebuilder::get_template()
#3 [internal function]: watrlabs\router\Routing->{closure}()
#4 /www/wwwroot/watrbx.xyz/classes/watrlabs/router/routing.php(168): call_user_func_array()
#5 /www/wwwroot/watrbx.xyz/public/index.php(84): watrlabs\router\Routing->dispatch()
#6 {main}

ErrorException: Attempt to read property "id" on null in /www/wwwroot/watrbx.xyz/views/item.php:13
Stack trace:
#0 /www/wwwroot/watrbx.xyz/views/item.php(13): {closure}()
#1 /www/wwwroot/watrbx.xyz/classes/watrlabs/watrkit/pagebuilder.php(66): require('...')
#2 /www/wwwroot/watrbx.xyz/routes/webhandler.php(181): watrlabs\watrkit\pagebuilder::get_template()
#3 [internal function]: watrlabs\router\Routing->{closure}()
#4 /www/wwwroot/watrbx.xyz/classes/watrlabs/router/routing.php(168): call_user_func_array()
#5 /www/wwwroot/watrbx.xyz/public/index.php(84): watrlabs\router\Routing->dispatch()
#6 {main}

ErrorException: Attempt to read property "id" on null in /www/wwwroot/watrbx.xyz/views/item.php:13
Stack trace:
#0 /www/wwwroot/watrbx.xyz/views/item.php(13): {closure}()
#1 /www/wwwroot/watrbx.xyz/classes/watrlabs/watrkit/pagebuilder.php(66): require('...')
#2 /www/wwwroot/watrbx.xyz/routes/webhandler.php(181): watrlabs\watrkit\pagebuilder::get_template()
#3 [internal function]: watrlabs\router\Routing->{closure}()
#4 /www/wwwroot/watrbx.xyz/classes/watrlabs/router/routing.php(168): call_user_func_array()
#5 /www/wwwroot/watrbx.xyz/public/index.php(84): watrlabs\router\Routing->dispatch()
#6 {main}

ErrorException: Attempt to read property "id" on null in /www/wwwroot/watrbx.xyz/views/item.php:13
Stack trace:
#0 /www/wwwroot/watrbx.xyz/views/item.php(13): {closure}()
#1 /www/wwwroot/watrbx.xyz/classes/watrlabs/watrkit/pagebuilder.php(66): require('...')
#2 /www/wwwroot/watrbx.xyz/routes/webhandler.php(181): watrlabs\watrkit\pagebuilder::get_template()
#3 [internal function]: watrlabs\router\Routing->{closure}()
#4 /www/wwwroot/watrbx.xyz/classes/watrlabs/router/routing.php(168): call_user_func_array()
#5 /www/wwwroot/watrbx.xyz/public/index.php(84): watrlabs\router\Routing->dispatch()
#6 {main}

ErrorException: Attempt to read property "id" on null in /www/wwwroot/watrbx.xyz/views/item.php:13
Stack trace:
#0 /www/wwwroot/watrbx.xyz/views/item.php(13): {closure}()
#1 /www/wwwroot/watrbx.xyz/classes/watrlabs/watrkit/pagebuilder.php(66): require('...')
#2 /www/wwwroot/watrbx.xyz/routes/webhandler.php(181): watrlabs\watrkit\pagebuilder::get_template()
#3 [internal function]: watrlabs\router\Routing->{closure}()
#4 /www/wwwroot/watrbx.xyz/classes/watrlabs/router/routing.php(168): call_user_func_array()
#5 /www/wwwroot/watrbx.xyz/public/index.php(84): watrlabs\router\Routing->dispatch()
#6 {main}

ErrorException: Attempt to read property "id" on null in /www/wwwroot/watrbx.xyz/views/item.php:13
Stack trace:
#0 /www/wwwroot/watrbx.xyz/views/item.php(13): {closure}()
#1 /www/wwwroot/watrbx.xyz/classes/watrlabs/watrkit/pagebuilder.php(66): require('...')
#2 /www/wwwroot/watrbx.xyz/routes/webhandler.php(181): watrlabs\watrkit\pagebuilder::get_template()
#3 [internal function]: watrlabs\router\Routing->{closure}()
#4 /www/wwwroot/watrbx.xyz/classes/watrlabs/router/routing.php(168): call_user_func_array()
#5 /www/wwwroot/watrbx.xyz/public/index.php(84): watrlabs\router\Routing->dispatch()
#6 {main}

ErrorException: Attempt to read property "id" on null in /www/wwwroot/watrbx.xyz/views/item.php:13
Stack trace:
#0 /www/wwwroot/watrbx.xyz/views/item.php(13): {closure}()
#1 /www/wwwroot/watrbx.xyz/classes/watrlabs/watrkit/pagebuilder.php(66): require('...')
#2 /www/wwwroot/watrbx.xyz/routes/webhandler.php(181): watrlabs\watrkit\pagebuilder::get_template()
#3 [internal function]: watrlabs\router\Routing->{closure}()
#4 /www/wwwroot/watrbx.xyz/classes/watrlabs/router/routing.php(168): call_user_func_array()
#5 /www/wwwroot/watrbx.xyz/public/index.php(84): watrlabs\router\Routing->dispatch()
#6 {main}

ErrorException: Attempt to read property "id" on null in /www/wwwroot/watrbx.xyz/views/item.php:13
Stack trace:
#0 /www/wwwroot/watrbx.xyz/views/item.php(13): {closure}()
#1 /www/wwwroot/watrbx.xyz/classes/watrlabs/watrkit/pagebuilder.php(66): require('...')
#2 /www/wwwroot/watrbx.xyz/routes/webhandler.php(181): watrlabs\watrkit\pagebuilder::get_template()
#3 [internal function]: watrlabs\router\Routing->{closure}()
#4 /www/wwwroot/watrbx.xyz/classes/watrlabs/router/routing.php(168): call_user_func_array()
#5 /www/wwwroot/watrbx.xyz/public/index.php(84): watrlabs\router\Routing->dispatch()
#6 {main}

ErrorException: Undefined variable $formated in /www/wwwroot/watrbx.xyz/classes/watrbx/sitefunctions.php:38
Stack trace:
#0 /www/wwwroot/watrbx.xyz/classes/watrbx/sitefunctions.php(38): {closure}()
#1 /www/wwwroot/watrbx.xyz/views/snippets/header.php(420): watrbx\sitefunctions->format_number()
#2 /www/wwwroot/watrbx.xyz/classes/watrlabs/watrkit/pagebuilder.php(71): require('...')
#3 /www/wwwroot/watrbx.xyz/classes/watrlabs/watrkit/pagebuilder.php(104): watrlabs\watrkit\pagebuilder::get_snippet()
#4 /www/wwwroot/watrbx.xyz/views/new_home.php(45): watrlabs\watrkit\pagebuilder->buildheader()
#5 /www/wwwroot/watrbx.xyz/classes/watrlabs/watrkit/pagebuilder.php(66): require('...')
#6 /www/wwwroot/watrbx.xyz/routes/webhandler.php(239): watrlabs\watrkit\pagebuilder::get_template()
#7 [internal function]: watrlabs\router\Routing->{closure}()
#8 /www/wwwroot/watrbx.xyz/classes/watrlabs/router/routing.php(159): call_user_func()
#9 /www/wwwroot/watrbx.xyz/public/index.php(84): watrlabs\router\Routing->dispatch()
#10 {main}

ErrorException: Undefined variable $suffix in /www/wwwroot/watrbx.xyz/classes/watrbx/sitefunctions.php:45
Stack trace:
#0 /www/wwwroot/watrbx.xyz/classes/watrbx/sitefunctions.php(45): {closure}()
#1 /www/wwwroot/watrbx.xyz/views/snippets/header.php(420): watrbx\sitefunctions->format_number()
#2 /www/wwwroot/watrbx.xyz/classes/watrlabs/watrkit/pagebuilder.php(71): require('...')
#3 /www/wwwroot/watrbx.xyz/classes/watrlabs/watrkit/pagebuilder.php(104): watrlabs\watrkit\pagebuilder::get_snippet()
#4 /www/wwwroot/watrbx.xyz/views/new_home.php(45): watrlabs\watrkit\pagebuilder->buildheader()
#5 /www/wwwroot/watrbx.xyz/classes/watrlabs/watrkit/pagebuilder.php(66): require('...')
#6 /www/wwwroot/watrbx.xyz/routes/webhandler.php(239): watrlabs\watrkit\pagebuilder::get_template()
#7 [internal function]: watrlabs\router\Routing->{closure}()
#8 /www/wwwroot/watrbx.xyz/classes/watrlabs/router/routing.php(159): call_user_func()
#9 /www/wwwroot/watrbx.xyz/public/index.php(84): watrlabs\router\Routing->dispatch()
#10 {main}

ErrorException: Undefined variable $sitefunctions in /www/wwwroot/watrbx.xyz/views/snippets/legacy_header.php:402
Stack trace:
#0 /www/wwwroot/watrbx.xyz/views/snippets/legacy_header.php(402): {closure}()
#1 /www/wwwroot/watrbx.xyz/classes/watrlabs/watrkit/pagebuilder.php(71): require('...')
#2 /www/wwwroot/watrbx.xyz/classes/watrlabs/watrkit/pagebuilder.php(97): watrlabs\watrkit\pagebuilder::get_snippet()
#3 /www/wwwroot/watrbx.xyz/views/status_codes/404.php(10): watrlabs\watrkit\pagebuilder->buildheader()
#4 /www/wwwroot/watrbx.xyz/classes/watrlabs/watrkit/pagebuilder.php(66): require('...')
#5 /www/wwwroot/watrbx.xyz/classes/watrlabs/router/routing.php(189): watrlabs\watrkit\pagebuilder::get_template()
#6 /www/wwwroot/watrbx.xyz/classes/watrlabs/router/routing.php(180): watrlabs\router\Routing::return_status()
#7 /www/wwwroot/watrbx.xyz/public/index.php(84): watrlabs\router\Routing->dispatch()
#8 {main}

ErrorException: Undefined variable $sitefunctions in /www/wwwroot/watrbx.xyz/views/snippets/legacy_header.php:402
Stack trace:
#0 /www/wwwroot/watrbx.xyz/views/snippets/legacy_header.php(402): {closure}()
#1 /www/wwwroot/watrbx.xyz/classes/watrlabs/watrkit/pagebuilder.php(71): require('...')
#2 /www/wwwroot/watrbx.xyz/classes/watrlabs/watrkit/pagebuilder.php(97): watrlabs\watrkit\pagebuilder::get_snippet()
#3 /www/wwwroot/watrbx.xyz/views/status_codes/500.php(10): watrlabs\watrkit\pagebuilder->buildheader()
#4 /www/wwwroot/watrbx.xyz/public/index.php(115): require('...')
#5 {main}

ErrorException: Undefined variable $sitefunctions in /www/wwwroot/watrbx.xyz/views/snippets/legacy_header.php:402
Stack trace:
#0 /www/wwwroot/watrbx.xyz/views/snippets/legacy_header.php(402): {closure}()
#1 /www/wwwroot/watrbx.xyz/classes/watrlabs/watrkit/pagebuilder.php(71): require('...')
#2 /www/wwwroot/watrbx.xyz/classes/watrlabs/watrkit/pagebuilder.php(97): watrlabs\watrkit\pagebuilder::get_snippet()
#3 /www/wwwroot/watrbx.xyz/views/status_codes/404.php(10): watrlabs\watrkit\pagebuilder->buildheader()
#4 /www/wwwroot/watrbx.xyz/classes/watrlabs/watrkit/pagebuilder.php(66): require('...')
#5 /www/wwwroot/watrbx.xyz/classes/watrlabs/router/routing.php(189): watrlabs\watrkit\pagebuilder::get_template()
#6 /www/wwwroot/watrbx.xyz/classes/watrlabs/router/routing.php(180): watrlabs\router\Routing::return_status()
#7 /www/wwwroot/watrbx.xyz/public/index.php(84): watrlabs\router\Routing->dispatch()
#8 {main}

ErrorException: Undefined variable $sitefunctions in /www/wwwroot/watrbx.xyz/views/snippets/legacy_header.php:402
Stack trace:
#0 /www/wwwroot/watrbx.xyz/views/snippets/legacy_header.php(402): {closure}()
#1 /www/wwwroot/watrbx.xyz/classes/watrlabs/watrkit/pagebuilder.php(71): require('...')
#2 /www/wwwroot/watrbx.xyz/classes/watrlabs/watrkit/pagebuilder.php(97): watrlabs\watrkit\pagebuilder::get_snippet()
#3 /www/wwwroot/watrbx.xyz/views/status_codes/500.php(10): watrlabs\watrkit\pagebuilder->buildheader()
#4 /www/wwwroot/watrbx.xyz/public/index.php(115): require('...')
#5 {main}

ErrorException: Undefined variable $sitefunctions in /www/wwwroot/watrbx.xyz/views/snippets/legacy_header.php:402
Stack trace:
#0 /www/wwwroot/watrbx.xyz/views/snippets/legacy_header.php(402): {closure}()
#1 /www/wwwroot/watrbx.xyz/classes/watrlabs/watrkit/pagebuilder.php(71): require('...')
#2 /www/wwwroot/watrbx.xyz/classes/watrlabs/watrkit/pagebuilder.php(97): watrlabs\watrkit\pagebuilder::get_snippet()
#3 /www/wwwroot/watrbx.xyz/views/status_codes/404.php(10): watrlabs\watrkit\pagebuilder->buildheader()
#4 /www/wwwroot/watrbx.xyz/classes/watrlabs/watrkit/pagebuilder.php(66): require('...')
#5 /www/wwwroot/watrbx.xyz/classes/watrlabs/router/routing.php(189): watrlabs\watrkit\pagebuilder::get_template()
#6 /www/wwwroot/watrbx.xyz/classes/watrlabs/router/routing.php(180): watrlabs\router\Routing::return_status()
#7 /www/wwwroot/watrbx.xyz/public/index.php(84): watrlabs\router\Routing->dispatch()
#8 {main}

ErrorException: Undefined variable $sitefunctions in /www/wwwroot/watrbx.xyz/views/snippets/legacy_header.php:402
Stack trace:
#0 /www/wwwroot/watrbx.xyz/views/snippets/legacy_header.php(402): {closure}()
#1 /www/wwwroot/watrbx.xyz/classes/watrlabs/watrkit/pagebuilder.php(71): require('...')
#2 /www/wwwroot/watrbx.xyz/classes/watrlabs/watrkit/pagebuilder.php(97): watrlabs\watrkit\pagebuilder::get_snippet()
#3 /www/wwwroot/watrbx.xyz/views/status_codes/500.php(10): watrlabs\watrkit\pagebuilder->buildheader()
#4 /www/wwwroot/watrbx.xyz/public/index.php(115): require('...')
#5 {main}

ErrorException: Attempt to read property "id" on null in /www/wwwroot/watrbx.xyz/views/item.php:13
Stack trace:
#0 /www/wwwroot/watrbx.xyz/views/item.php(13): {closure}()
#1 /www/wwwroot/watrbx.xyz/classes/watrlabs/watrkit/pagebuilder.php(66): require('...')
#2 /www/wwwroot/watrbx.xyz/routes/webhandler.php(181): watrlabs\watrkit\pagebuilder::get_template()
#3 [internal function]: watrlabs\router\Routing->{closure}()
#4 /www/wwwroot/watrbx.xyz/classes/watrlabs/router/routing.php(168): call_user_func_array()
#5 /www/wwwroot/watrbx.xyz/public/index.php(84): watrlabs\router\Routing->dispatch()
#6 {main}

ErrorException: Attempt to read property "id" on null in /www/wwwroot/watrbx.xyz/views/item.php:13
Stack trace:
#0 /www/wwwroot/watrbx.xyz/views/item.php(13): {closure}()
#1 /www/wwwroot/watrbx.xyz/classes/watrlabs/watrkit/pagebuilder.php(66): require('...')
#2 /www/wwwroot/watrbx.xyz/routes/webhandler.php(181): watrlabs\watrkit\pagebuilder::get_template()
#3 [internal function]: watrlabs\router\Routing->{closure}()
#4 /www/wwwroot/watrbx.xyz/classes/watrlabs/router/routing.php(168): call_user_func_array()
#5 /www/wwwroot/watrbx.xyz/public/index.php(84): watrlabs\router\Routing->dispatch()
#6 {main}

ErrorException: Attempt to read property "id" on null in /www/wwwroot/watrbx.xyz/views/item.php:13
Stack trace:
#0 /www/wwwroot/watrbx.xyz/views/item.php(13): {closure}()
#1 /www/wwwroot/watrbx.xyz/classes/watrlabs/watrkit/pagebuilder.php(66): require('...')
#2 /www/wwwroot/watrbx.xyz/routes/webhandler.php(181): watrlabs\watrkit\pagebuilder::get_template()
#3 [internal function]: watrlabs\router\Routing->{closure}()
#4 /www/wwwroot/watrbx.xyz/classes/watrlabs/router/routing.php(168): call_user_func_array()
#5 /www/wwwroot/watrbx.xyz/public/index.php(84): watrlabs\router\Routing->dispatch()
#6 {main}

ErrorException: Attempt to read property "id" on null in /www/wwwroot/watrbx.xyz/views/item.php:13
Stack trace:
#0 /www/wwwroot/watrbx.xyz/views/item.php(13): {closure}()
#1 /www/wwwroot/watrbx.xyz/classes/watrlabs/watrkit/pagebuilder.php(66): require('...')
#2 /www/wwwroot/watrbx.xyz/routes/webhandler.php(181): watrlabs\watrkit\pagebuilder::get_template()
#3 [internal function]: watrlabs\router\Routing->{closure}()
#4 /www/wwwroot/watrbx.xyz/classes/watrlabs/router/routing.php(168): call_user_func_array()
#5 /www/wwwroot/watrbx.xyz/public/index.php(84): watrlabs\router\Routing->dispatch()
#6 {main}

ErrorException: file_get_contents(https://thumbnails.roblox.com/v1/assets?assetIds=81352305&amp;format=PNG&amp;size=512x512): Failed to open stream: HTTP request failed! HTTP/1.1 429 Too Many Requests
 in /www/wwwroot/watrbx.xyz/routes/webhandler.php:58
Stack trace:
#0 [internal function]: {closure}()
#1 /www/wwwroot/watrbx.xyz/routes/webhandler.php(58): file_get_contents()
#2 [internal function]: watrlabs\router\Routing->{closure}()
#3 /www/wwwroot/watrbx.xyz/classes/watrlabs/router/routing.php(159): call_user_func()
#4 /www/wwwroot/watrbx.xyz/public/index.php(84): watrlabs\router\Routing->dispatch()
#5 {main}

ErrorException: file_get_contents(https://thumbnails.roblox.com/v1/assets?assetIds=81352305&amp;format=PNG&amp;size=512x512): Failed to open stream: HTTP request failed! HTTP/1.1 429 Too Many Requests
 in /www/wwwroot/watrbx.xyz/routes/webhandler.php:58
Stack trace:
#0 [internal function]: {closure}()
#1 /www/wwwroot/watrbx.xyz/routes/webhandler.php(58): file_get_contents()
#2 [internal function]: watrlabs\router\Routing->{closure}()
#3 /www/wwwroot/watrbx.xyz/classes/watrlabs/router/routing.php(159): call_user_func()
#4 /www/wwwroot/watrbx.xyz/public/index.php(84): watrlabs\router\Routing->dispatch()
#5 {main}

ErrorException: Attempt to read property "id" on null in /www/wwwroot/watrbx.xyz/views/item.php:13
Stack trace:
#0 /www/wwwroot/watrbx.xyz/views/item.php(13): {closure}()
#1 /www/wwwroot/watrbx.xyz/classes/watrlabs/watrkit/pagebuilder.php(66): require('...')
#2 /www/wwwroot/watrbx.xyz/routes/webhandler.php(181): watrlabs\watrkit\pagebuilder::get_template()
#3 [internal function]: watrlabs\router\Routing->{closure}()
#4 /www/wwwroot/watrbx.xyz/classes/watrlabs/router/routing.php(168): call_user_func_array()
#5 /www/wwwroot/watrbx.xyz/public/index.php(84): watrlabs\router\Routing->dispatch()
#6 {main}

ErrorException: Attempt to read property "id" on null in /www/wwwroot/watrbx.xyz/views/item.php:13
Stack trace:
#0 /www/wwwroot/watrbx.xyz/views/item.php(13): {closure}()
#1 /www/wwwroot/watrbx.xyz/classes/watrlabs/watrkit/pagebuilder.php(66): require('...')
#2 /www/wwwroot/watrbx.xyz/routes/webhandler.php(181): watrlabs\watrkit\pagebuilder::get_template()
#3 [internal function]: watrlabs\router\Routing->{closure}()
#4 /www/wwwroot/watrbx.xyz/classes/watrlabs/router/routing.php(168): call_user_func_array()
#5 /www/wwwroot/watrbx.xyz/public/index.php(84): watrlabs\router\Routing->dispatch()
#6 {main}

